#
# There is insufficient memory for the Java Runtime Environment to continue.
# Native memory allocation (malloc) failed to allocate 739616 bytes for Chunk::new
# Possible reasons:
#   The system is out of physical RAM or swap space
#   The process is running with CompressedOops enabled, and the Java Heap may be blocking the growth of the native heap
# Possible solutions:
#   Reduce memory load on the system
#   Increase physical memory or swap space
#   Check if swap backing store is full
#   Decrease Java heap size (-Xmx/-Xms)
#   Decrease number of Java threads
#   Decrease Java thread stack sizes (-Xss)
#   Set larger code cache with -XX:ReservedCodeCacheSize=
#   JVM is running with Unscaled Compressed Oops mode in which the Java heap is
#     placed in the first 4GB address space. The Java Heap base address is the
#     maximum limit for the native heap growth. Please use -XX:HeapBaseMinAddress
#     to set the Java Heap base and to place the Java Heap above 4GB virtual address.
# This output file may be truncated or incomplete.
#
#  Out of Memory Error (allocation.cpp:389), pid=7844, tid=0x0000000000000330
#
# JRE version: OpenJDK Runtime Environment (8.0_242-b01) (build 1.8.0_242-release-1644-b01)
# Java VM: OpenJDK 64-Bit Server VM (25.242-b01 mixed mode windows-amd64 compressed oops)
# Failed to write core dump. Minidumps are not enabled by default on client versions of Windows
#

---------------  T H R E A D  ---------------

Current thread (0x0000000015e6a800):  JavaThread "C2 CompilerThread0" daemon [_thread_in_native, id=816, stack(0x00000000174a0000,0x00000000175a0000)]

Stack: [0x00000000174a0000,0x00000000175a0000]
[error occurred during error reporting (printing stack bounds), id 0xc0000005]

Native frames: (J=compiled Java code, j=interpreted, Vv=VM code, C=native code)


Current CompileTask:
C2:  37416 2058   !   4       java.net.URL::<init> (543 bytes)


---------------  P R O C E S S  ---------------

Java Threads: ( => current thread )
  0x0000000019056800 JavaThread "Cache worker for file hash cache (C:\Users\hp\(VSC) App Development\first_app\android\.gradle\5.6.2\fileHashes)" [_thread_blocked, id=14100, stack(0x000000001dd60000,0x000000001de60000)]
  0x0000000019053800 JavaThread "Cache worker for journal cache (C:\Users\hp\.gradle\caches\journal-1)" [_thread_blocked, id=9720, stack(0x000000001aaf0000,0x000000001abf0000)]
  0x0000000019052000 JavaThread "File lock request listener" [_thread_in_native, id=9376, stack(0x000000001a8f0000,0x000000001a9f0000)]
  0x0000000019053000 JavaThread "Cache worker for file hash cache (C:\Users\hp\.gradle\caches\5.6.2\fileHashes)" [_thread_blocked, id=14160, stack(0x000000001a7f0000,0x000000001a8f0000)]
  0x0000000018c19800 JavaThread "Thread-9" [_thread_blocked, id=1708, stack(0x000000001a6f0000,0x000000001a7f0000)]
  0x0000000018c15800 JavaThread "Stdin handler" [_thread_blocked, id=18256, stack(0x000000001a5f0000,0x000000001a6f0000)]
  0x0000000018c11000 JavaThread "Asynchronous log dispatcher for DefaultDaemonConnection: socket connection from /127.0.0.1:6766 to /127.0.0.1:6767" [_thread_blocked, id=14360, stack(0x000000001a4f0000,0x000000001a5f0000)]
  0x0000000018c07800 JavaThread "Daemon worker" [_thread_in_native, id=18332, stack(0x000000001a1f0000,0x000000001a2f0000)]
  0x0000000018c05000 JavaThread "Cancel handler" [_thread_blocked, id=11096, stack(0x000000001a0f0000,0x000000001a1f0000)]
  0x0000000018c04000 JavaThread "Handler for socket connection from /127.0.0.1:6766 to /127.0.0.1:6767" [_thread_in_native, id=9164, stack(0x0000000019ff0000,0x000000001a0f0000)]
  0x0000000018bfd000 JavaThread "Daemon" [_thread_blocked, id=11000, stack(0x0000000019ef0000,0x0000000019ff0000)]
  0x0000000018fa7800 JavaThread "Daemon periodic checks" [_thread_blocked, id=3512, stack(0x0000000019df0000,0x0000000019ef0000)]
  0x00000000177a2800 JavaThread "Incoming local TCP Connector on port 6766" [_thread_in_native, id=16264, stack(0x0000000019bb0000,0x0000000019cb0000)]
  0x00000000181c2800 JavaThread "Daemon health stats" [_thread_blocked, id=14404, stack(0x0000000019570000,0x0000000019670000)]
  0x0000000015ebe000 JavaThread "Service Thread" daemon [_thread_blocked, id=18220, stack(0x0000000017ba0000,0x0000000017ca0000)]
  0x0000000015eb3000 JavaThread "C1 CompilerThread2" daemon [_thread_in_native, id=13504, stack(0x00000000176a0000,0x00000000177a0000)]
  0x0000000015e6d800 JavaThread "C2 CompilerThread1" daemon [_thread_in_native, id=11620, stack(0x00000000175a0000,0x00000000176a0000)]
=>0x0000000015e6a800 JavaThread "C2 CompilerThread0" daemon [_thread_in_native, id=816, stack(0x00000000174a0000,0x00000000175a0000)]
  0x0000000015e67000 JavaThread "Attach Listener" daemon [_thread_blocked, id=14264, stack(0x00000000173a0000,0x00000000174a0000)]
  0x0000000015e66000 JavaThread "Signal Dispatcher" daemon [_thread_blocked, id=2880, stack(0x00000000172a0000,0x00000000173a0000)]
  0x00000000030fe000 JavaThread "Finalizer" daemon [_thread_blocked, id=10208, stack(0x00000000170b0000,0x00000000171b0000)]
  0x0000000015e49000 JavaThread "Reference Handler" daemon [_thread_blocked, id=2004, stack(0x0000000016fb0000,0x00000000170b0000)]
  0x0000000002fce800 JavaThread "main" [_thread_blocked, id=13632, stack(0x0000000002e40000,0x0000000002f40000)]

Other Threads:
  0x0000000015e26000 VMThread [stack: 0x0000000016eb0000,0x0000000016fb0000] [id=11728]
  0x00000000177ba800 WatcherThread [stack: 0x0000000017ca0000,0x0000000017da0000] [id=16024]

VM state:not at safepoint (normal execution)

VM Mutex/Monitor currently owned by a thread: None

heap address: 0x00000000b4c00000, size: 1204 MB, Compressed Oops mode: 32-bit
Narrow klass base: 0x0000000000000000, Narrow klass shift: 3
Compressed class space size: 1073741824 Address: 0x0000000100000000

Heap:
 PSYoungGen      total 41984K, used 30753K [0x00000000e6f00000, 0x00000000ea480000, 0x0000000100000000)
  eden space 31744K, 96% used [0x00000000e6f00000,0x00000000e8d08788,0x00000000e8e00000)
  from space 10240K, 0% used [0x00000000e9900000,0x00000000e9900000,0x00000000ea300000)
  to   space 11264K, 0% used [0x00000000e8e00000,0x00000000e8e00000,0x00000000e9900000)
 ParOldGen       total 46080K, used 9277K [0x00000000b4c00000, 0x00000000b7900000, 0x00000000e6f00000)
  object space 46080K, 20% used [0x00000000b4c00000,0x00000000b550f460,0x00000000b7900000)
 Metaspace       used 25437K, capacity 25856K, committed 26112K, reserved 1071104K
  class space    used 3403K, capacity 3575K, committed 3584K, reserved 1048576K

Card table byte_map: [0x00000000124c0000,0x0000000012720000] byte_map_base: 0x0000000011f1a000

Marking Bits: (ParMarkBitMap*) 0x000000005a54f030
 Begin Bits: [0x0000000012cc0000, 0x0000000013f90000)
 End Bits:   [0x0000000013f90000, 0x0000000015260000)

Polling page: 0x0000000002f40000

CodeCache: size=245760Kb used=7793Kb max_used=7793Kb free=237966Kb
 bounds [0x0000000003100000, 0x00000000038b0000, 0x0000000012100000]
 total_blobs=2591 nmethods=1928 adapters=573
 compilation: enabled

Compilation events (10 events):
Event: 37.211 Thread 0x0000000015eb3000 2075       3       groovyjarjarasm.asm.ByteVector::putShort (52 bytes)
Event: 37.211 Thread 0x0000000015eb3000 nmethod 2075 0x000000000388cf90 code [0x000000000388d100, 0x000000000388d348]
Event: 37.313 Thread 0x0000000015eb3000 2076       3       com.google.common.cache.LocalCache::expiresAfterAccess (15 bytes)
Event: 37.313 Thread 0x0000000015eb3000 nmethod 2076 0x000000000323a210 code [0x000000000323a360, 0x000000000323a510]
Event: 37.313 Thread 0x0000000015eb3000 2077       3       java.lang.reflect.Constructor::newInstance (87 bytes)
Event: 37.314 Thread 0x0000000015eb3000 nmethod 2077 0x000000000388c410 code [0x000000000388c600, 0x000000000388cd28]
Event: 37.314 Thread 0x0000000015eb3000 2078       3       sun.reflect.DelegatingConstructorAccessorImpl::newInstance (9 bytes)
Event: 37.314 Thread 0x0000000015eb3000 nmethod 2078 0x000000000388bfd0 code [0x000000000388c140, 0x000000000388c368]
Event: 37.324 Thread 0x0000000015eb3000 2079       3       java.io.File::<init> (113 bytes)
Event: 37.326 Thread 0x0000000015eb3000 nmethod 2079 0x00000000033867d0 code [0x0000000003386a40, 0x0000000003387728]

GC Heap History (10 events):
Event: 23.844 GC heap before
{Heap before GC invocations=3 (full 0):
 PSYoungGen      total 38400K, used 36429K [0x00000000e6f00000, 0x00000000e9980000, 0x0000000100000000)
  eden space 33280K, 100% used [0x00000000e6f00000,0x00000000e8f80000,0x00000000e8f80000)
  from space 5120K, 61% used [0x00000000e9480000,0x00000000e97936f0,0x00000000e9980000)
  to   space 5120K, 0% used [0x00000000e8f80000,0x00000000e8f80000,0x00000000e9480000)
 ParOldGen       total 87552K, used 16K [0x00000000b4c00000, 0x00000000ba180000, 0x00000000e6f00000)
  object space 87552K, 0% used [0x00000000b4c00000,0x00000000b4c04000,0x00000000ba180000)
 Metaspace       used 12017K, capacity 12370K, committed 12544K, reserved 1060864K
  class space    used 1619K, capacity 1741K, committed 1792K, reserved 1048576K
Event: 23.859 GC heap after
Heap after GC invocations=3 (full 0):
 PSYoungGen      total 38400K, used 5104K [0x00000000e6f00000, 0x00000000e9980000, 0x0000000100000000)
  eden space 33280K, 0% used [0x00000000e6f00000,0x00000000e6f00000,0x00000000e8f80000)
  from space 5120K, 99% used [0x00000000e8f80000,0x00000000e947c010,0x00000000e9480000)
  to   space 5120K, 0% used [0x00000000e9480000,0x00000000e9480000,0x00000000e9980000)
 ParOldGen       total 87552K, used 1284K [0x00000000b4c00000, 0x00000000ba180000, 0x00000000e6f00000)
  object space 87552K, 1% used [0x00000000b4c00000,0x00000000b4d410d8,0x00000000ba180000)
 Metaspace       used 12017K, capacity 12370K, committed 12544K, reserved 1060864K
  class space    used 1619K, capacity 1741K, committed 1792K, reserved 1048576K
}
Event: 26.323 GC heap before
{Heap before GC invocations=4 (full 0):
 PSYoungGen      total 38400K, used 38384K [0x00000000e6f00000, 0x00000000e9980000, 0x0000000100000000)
  eden space 33280K, 100% used [0x00000000e6f00000,0x00000000e8f80000,0x00000000e8f80000)
  from space 5120K, 99% used [0x00000000e8f80000,0x00000000e947c010,0x00000000e9480000)
  to   space 5120K, 0% used [0x00000000e9480000,0x00000000e9480000,0x00000000e9980000)
 ParOldGen       total 87552K, used 1284K [0x00000000b4c00000, 0x00000000ba180000, 0x00000000e6f00000)
  object space 87552K, 1% used [0x00000000b4c00000,0x00000000b4d410d8,0x00000000ba180000)
 Metaspace       used 14340K, capacity 14622K, committed 14976K, reserved 1062912K
  class space    used 2006K, capacity 2131K, committed 2176K, reserved 1048576K
Event: 26.341 GC heap after
Heap after GC invocations=4 (full 0):
 PSYoungGen      total 38400K, used 5104K [0x00000000e6f00000, 0x00000000e9980000, 0x0000000100000000)
  eden space 33280K, 0% used [0x00000000e6f00000,0x00000000e6f00000,0x00000000e8f80000)
  from space 5120K, 99% used [0x00000000e9480000,0x00000000e997c010,0x00000000e9980000)
  to   space 5120K, 0% used [0x00000000e8f80000,0x00000000e8f80000,0x00000000e9480000)
 ParOldGen       total 87552K, used 3444K [0x00000000b4c00000, 0x00000000ba180000, 0x00000000e6f00000)
  object space 87552K, 3% used [0x00000000b4c00000,0x00000000b4f5d3e0,0x00000000ba180000)
 Metaspace       used 14340K, capacity 14622K, committed 14976K, reserved 1062912K
  class space    used 2006K, capacity 2131K, committed 2176K, reserved 1048576K
}
Event: 30.360 GC heap before
{Heap before GC invocations=5 (full 0):
 PSYoungGen      total 38400K, used 38384K [0x00000000e6f00000, 0x00000000e9980000, 0x0000000100000000)
  eden space 33280K, 100% used [0x00000000e6f00000,0x00000000e8f80000,0x00000000e8f80000)
  from space 5120K, 99% used [0x00000000e9480000,0x00000000e997c010,0x00000000e9980000)
  to   space 5120K, 0% used [0x00000000e8f80000,0x00000000e8f80000,0x00000000e9480000)
 ParOldGen       total 87552K, used 3444K [0x00000000b4c00000, 0x00000000ba180000, 0x00000000e6f00000)
  object space 87552K, 3% used [0x00000000b4c00000,0x00000000b4f5d3e0,0x00000000ba180000)
 Metaspace       used 17426K, capacity 17768K, committed 18048K, reserved 1064960K
  class space    used 2496K, capacity 2630K, committed 2688K, reserved 1048576K
Event: 30.375 GC heap after
Heap after GC invocations=5 (full 0):
 PSYoungGen      total 37888K, used 5088K [0x00000000e6f00000, 0x00000000ea300000, 0x0000000100000000)
  eden space 32768K, 0% used [0x00000000e6f00000,0x00000000e6f00000,0x00000000e8f00000)
  from space 5120K, 99% used [0x00000000e8f80000,0x00000000e9478020,0x00000000e9480000)
  to   space 10240K, 0% used [0x00000000e9900000,0x00000000e9900000,0x00000000ea300000)
 ParOldGen       total 87552K, used 6880K [0x00000000b4c00000, 0x00000000ba180000, 0x00000000e6f00000)
  object space 87552K, 7% used [0x00000000b4c00000,0x00000000b52b81c8,0x00000000ba180000)
 Metaspace       used 17426K, capacity 17768K, committed 18048K, reserved 1064960K
  class space    used 2496K, capacity 2630K, committed 2688K, reserved 1048576K
}
Event: 32.339 GC heap before
{Heap before GC invocations=6 (full 0):
 PSYoungGen      total 37888K, used 30311K [0x00000000e6f00000, 0x00000000ea300000, 0x0000000100000000)
  eden space 32768K, 76% used [0x00000000e6f00000,0x00000000e87a1d58,0x00000000e8f00000)
  from space 5120K, 99% used [0x00000000e8f80000,0x00000000e9478020,0x00000000e9480000)
  to   space 10240K, 0% used [0x00000000e9900000,0x00000000e9900000,0x00000000ea300000)
 ParOldGen       total 87552K, used 6880K [0x00000000b4c00000, 0x00000000ba180000, 0x00000000e6f00000)
  object space 87552K, 7% used [0x00000000b4c00000,0x00000000b52b81c8,0x00000000ba180000)
 Metaspace       used 20680K, capacity 21014K, committed 21248K, reserved 1067008K
  class space    used 2917K, capacity 3049K, committed 3072K, reserved 1048576K
Event: 32.356 GC heap after
Heap after GC invocations=6 (full 0):
 PSYoungGen      total 41984K, used 8774K [0x00000000e6f00000, 0x00000000ea480000, 0x0000000100000000)
  eden space 31744K, 0% used [0x00000000e6f00000,0x00000000e6f00000,0x00000000e8e00000)
  from space 10240K, 85% used [0x00000000e9900000,0x00000000ea191bf0,0x00000000ea300000)
  to   space 11264K, 0% used [0x00000000e8e00000,0x00000000e8e00000,0x00000000e9900000)
 ParOldGen       total 87552K, used 6888K [0x00000000b4c00000, 0x00000000ba180000, 0x00000000e6f00000)
  object space 87552K, 7% used [0x00000000b4c00000,0x00000000b52ba1c8,0x00000000ba180000)
 Metaspace       used 20680K, capacity 21014K, committed 21248K, reserved 1067008K
  class space    used 2917K, capacity 3049K, committed 3072K, reserved 1048576K
}
Event: 32.356 GC heap before
{Heap before GC invocations=7 (full 1):
 PSYoungGen      total 41984K, used 8774K [0x00000000e6f00000, 0x00000000ea480000, 0x0000000100000000)
  eden space 31744K, 0% used [0x00000000e6f00000,0x00000000e6f00000,0x00000000e8e00000)
  from space 10240K, 85% used [0x00000000e9900000,0x00000000ea191bf0,0x00000000ea300000)
  to   space 11264K, 0% used [0x00000000e8e00000,0x00000000e8e00000,0x00000000e9900000)
 ParOldGen       total 87552K, used 6888K [0x00000000b4c00000, 0x00000000ba180000, 0x00000000e6f00000)
  object space 87552K, 7% used [0x00000000b4c00000,0x00000000b52ba1c8,0x00000000ba180000)
 Metaspace       used 20680K, capacity 21014K, committed 21248K, reserved 1067008K
  class space    used 2917K, capacity 3049K, committed 3072K, reserved 1048576K
Event: 32.485 GC heap after
Heap after GC invocations=7 (full 1):
 PSYoungGen      total 41984K, used 0K [0x00000000e6f00000, 0x00000000ea480000, 0x0000000100000000)
  eden space 31744K, 0% used [0x00000000e6f00000,0x00000000e6f00000,0x00000000e8e00000)
  from space 10240K, 0% used [0x00000000e9900000,0x00000000e9900000,0x00000000ea300000)
  to   space 11264K, 0% used [0x00000000e8e00000,0x00000000e8e00000,0x00000000e9900000)
 ParOldGen       total 46080K, used 9277K [0x00000000b4c00000, 0x00000000b7900000, 0x00000000e6f00000)
  object space 46080K, 20% used [0x00000000b4c00000,0x00000000b550f460,0x00000000b7900000)
 Metaspace       used 20680K, capacity 21014K, committed 21248K, reserved 1067008K
  class space    used 2917K, capacity 3049K, committed 3072K, reserved 1048576K
}

Deoptimization events (10 events):
Event: 30.219 Thread 0x0000000018c07800 Uncommon trap: reason=unstable_if action=reinterpret pc=0x0000000003279988 method=java.net.URI.match(CJJ)Z @ 19
Event: 30.219 Thread 0x0000000018c07800 Uncommon trap: reason=unstable_if action=reinterpret pc=0x0000000003366740 method=java.net.URI.match(CJJ)Z @ 19
Event: 30.710 Thread 0x0000000018c07800 Uncommon trap: reason=unstable_if action=reinterpret pc=0x00000000033e2dc0 method=java.io.File.getName()Ljava/lang/String; @ 16
Event: 35.931 Thread 0x0000000018c07800 Uncommon trap: reason=class_check action=maybe_recompile pc=0x0000000003352730 method=sun.misc.URLClassPath.getLoader(I)Lsun/misc/URLClassPath$Loader; @ 94
Event: 35.931 Thread 0x0000000018c07800 Uncommon trap: reason=class_check action=maybe_recompile pc=0x00000000035e26c8 method=sun.misc.URLClassPath.getResource(Ljava/lang/String;Z)Lsun/misc/Resource; @ 62
Event: 35.931 Thread 0x0000000018c07800 Uncommon trap: reason=unstable_if action=reinterpret pc=0x00000000032efa88 method=java.lang.String.regionMatches(ZILjava/lang/String;II)Z @ 41
Event: 35.976 Thread 0x0000000018c07800 Uncommon trap: reason=unstable_if action=reinterpret pc=0x000000000328238c method=java.lang.ClassLoader.getClassLoadingLock(Ljava/lang/String;)Ljava/lang/Object; @ 6
Event: 36.068 Thread 0x0000000018c07800 Uncommon trap: reason=class_check action=maybe_recompile pc=0x000000000335293c method=sun.misc.URLClassPath.getLoader(I)Lsun/misc/URLClassPath$Loader; @ 239
Event: 36.099 Thread 0x0000000018c07800 Uncommon trap: reason=class_check action=maybe_recompile pc=0x000000000335293c method=sun.misc.URLClassPath.getLoader(I)Lsun/misc/URLClassPath$Loader; @ 239
Event: 37.040 Thread 0x0000000018c07800 Uncommon trap: reason=class_check action=maybe_recompile pc=0x000000000335293c method=sun.misc.URLClassPath.getLoader(I)Lsun/misc/URLClassPath$Loader; @ 239

Classes redefined (0 events):
No events

Internal exceptions (10 events):
Event: 37.066 Thread 0x0000000018c07800 Exception <a 'java/lang/ClassNotFoundException': groovy/lang/ClosureCustomizer> (0x00000000e88addd8) thrown at [C:\src\AOSP-openjdk-git\hotspot\src\share\vm\classfile\systemDictionary.cpp, line 210]
Event: 37.071 Thread 0x0000000018c07800 Exception <a 'java/lang/ClassNotFoundException': groovy/lang/Closure$1Customizer> (0x00000000e88f8960) thrown at [C:\src\AOSP-openjdk-git\hotspot\src\share\vm\classfile\systemDictionary.cpp, line 210]
Event: 37.173 Thread 0x0000000018c07800 Exception <a 'java/lang/ClassNotFoundException': groovy/lang/GString$1BeanInfo> (0x00000000e8a6c9c8) thrown at [C:\src\AOSP-openjdk-git\hotspot\src\share\vm\classfile\systemDictionary.cpp, line 210]
Event: 37.179 Thread 0x0000000018c07800 Exception <a 'java/lang/ClassNotFoundException': groovy/lang/GStringBeanInfo> (0x00000000e8a90350) thrown at [C:\src\AOSP-openjdk-git\hotspot\src\share\vm\classfile\systemDictionary.cpp, line 210]
Event: 37.182 Thread 0x0000000018c07800 Exception <a 'java/lang/ClassNotFoundException': groovy/lang/GStringCustomizer> (0x00000000e8ab4890) thrown at [C:\src\AOSP-openjdk-git\hotspot\src\share\vm\classfile\systemDictionary.cpp, line 210]
Event: 37.186 Thread 0x0000000018c07800 Exception <a 'java/lang/ClassNotFoundException': groovy/lang/GString$1Customizer> (0x00000000e8ae4fc0) thrown at [C:\src\AOSP-openjdk-git\hotspot\src\share\vm\classfile\systemDictionary.cpp, line 210]
Event: 37.196 Thread 0x0000000018c07800 Exception <a 'java/lang/ClassNotFoundException': org/codehaus/groovy/runtime/GStringImplBeanInfo> (0x00000000e8b947e0) thrown at [C:\src\AOSP-openjdk-git\hotspot\src\share\vm\classfile\systemDictionary.cpp, line 210]
Event: 37.198 Thread 0x0000000018c07800 Exception <a 'java/lang/ClassNotFoundException': org/codehaus/groovy/runtime/GStringImplCustomizer> (0x00000000e8bc27e8) thrown at [C:\src\AOSP-openjdk-git\hotspot\src\share\vm\classfile\systemDictionary.cpp, line 210]
Event: 37.226 Thread 0x0000000018c07800 Exception <a 'java/lang/ClassNotFoundException': org/gradle/api/internal/plugins/DefaultObjectConfigurationActionBeanInfo> (0x00000000e8c3ff18) thrown at [C:\src\AOSP-openjdk-git\hotspot\src\share\vm\classfile\systemDictionary.cpp, line 210]
Event: 37.254 Thread 0x0000000018c07800 Exception <a 'java/lang/ClassNotFoundException': org/gradle/api/internal/plugins/DefaultObjectConfigurationActionCustomizer> (0x00000000e8c7b300) thrown at [C:\src\AOSP-openjdk-git\hotspot\src\share\vm\classfile\systemDictionary.cpp, line 210]

Events (10 events):
Event: 37.227 loading class org/gradle/api/internal/plugins/DefaultObjectConfigurationActionCustomizer
Event: 37.227 loading class org/gradle/api/internal/plugins/DefaultObjectConfigurationActionCustomizer done
Event: 37.227 loading class org/gradle/api/internal/plugins/DefaultObjectConfigurationActionCustomizer
Event: 37.227 loading class org/gradle/api/internal/plugins/DefaultObjectConfigurationActionCustomizer done
Event: 37.253 loading class org/gradle/api/internal/plugins/DefaultObjectConfigurationActionCustomizer
Event: 37.253 loading class org/gradle/api/internal/plugins/DefaultObjectConfigurationActionCustomizer done
Event: 37.255 loading class sun/reflect/UnsafeObjectFieldAccessorImpl
Event: 37.270 loading class sun/reflect/UnsafeObjectFieldAccessorImpl done
Event: 37.271 loading class org/gradle/api/internal/plugins/DefaultObjectConfigurationAction$1
Event: 37.271 loading class org/gradle/api/internal/plugins/DefaultObjectConfigurationAction$1 done


Dynamic libraries:
0x00007ff681700000 - 0x00007ff681731000 	C:\Program Files\Android\Android Studio\jre\bin\java.exe
0x00007ffba69d0000 - 0x00007ffba6bb1000 	C:\WINDOWS\SYSTEM32\ntdll.dll
0x00007ffba4250000 - 0x00007ffba4301000 	C:\WINDOWS\System32\KERNEL32.DLL
0x00007ffba2f70000 - 0x00007ffba31e3000 	C:\WINDOWS\System32\KERNELBASE.dll
0x00007ffba4df0000 - 0x00007ffba4e91000 	C:\WINDOWS\System32\ADVAPI32.dll
0x00007ffba6790000 - 0x00007ffba682e000 	C:\WINDOWS\System32\msvcrt.dll
0x00007ffba6730000 - 0x00007ffba678b000 	C:\WINDOWS\System32\sechost.dll
0x00007ffba4cc0000 - 0x00007ffba4de4000 	C:\WINDOWS\System32\RPCRT4.dll
0x00007ffba4660000 - 0x00007ffba47f1000 	C:\WINDOWS\System32\USER32.dll
0x00007ffba2dd0000 - 0x00007ffba2df0000 	C:\WINDOWS\System32\win32u.dll
0x00007ffba4630000 - 0x00007ffba4658000 	C:\WINDOWS\System32\GDI32.dll
0x00007ffba31f0000 - 0x00007ffba3383000 	C:\WINDOWS\System32\gdi32full.dll
0x00007ffba3580000 - 0x00007ffba361f000 	C:\WINDOWS\System32\msvcp_win.dll
0x00007ffba2e70000 - 0x00007ffba2f68000 	C:\WINDOWS\System32\ucrtbase.dll
0x00007ffb92fd0000 - 0x00007ffb93239000 	C:\WINDOWS\WinSxS\amd64_microsoft.windows.common-controls_6595b64144ccf1df_6.0.17134.1726_none_d3fdb88f7c924124\COMCTL32.dll
0x00007ffba3e40000 - 0x00007ffba4161000 	C:\WINDOWS\System32\combase.dll
0x00007ffba2df0000 - 0x00007ffba2e69000 	C:\WINDOWS\System32\bcryptPrimitives.dll
0x00007ffba4220000 - 0x00007ffba424d000 	C:\WINDOWS\System32\IMM32.DLL
0x000000005aa00000 - 0x000000005aad2000 	C:\Program Files\Android\Android Studio\jre\jre\bin\msvcr100.dll
0x0000000059d80000 - 0x000000005a5cb000 	C:\Program Files\Android\Android Studio\jre\jre\bin\server\jvm.dll
0x00007ffba66c0000 - 0x00007ffba66c8000 	C:\WINDOWS\System32\PSAPI.DLL
0x00007ffb934f0000 - 0x00007ffb934f9000 	C:\WINDOWS\SYSTEM32\WSOCK32.dll
0x00007ffba4800000 - 0x00007ffba486c000 	C:\WINDOWS\System32\WS2_32.dll
0x00007ffb9d7c0000 - 0x00007ffb9d7e3000 	C:\WINDOWS\SYSTEM32\WINMM.dll
0x00007ffb9e2e0000 - 0x00007ffb9e2ea000 	C:\WINDOWS\SYSTEM32\VERSION.dll
0x00007ffb9d5c0000 - 0x00007ffb9d5ea000 	C:\WINDOWS\SYSTEM32\WINMMBASE.dll
0x00007ffba3df0000 - 0x00007ffba3e39000 	C:\WINDOWS\System32\cfgmgr32.dll
0x00007ffb9e6a0000 - 0x00007ffb9e6af000 	C:\Program Files\Android\Android Studio\jre\jre\bin\verify.dll
0x00007ffb93c00000 - 0x00007ffb93c29000 	C:\Program Files\Android\Android Studio\jre\jre\bin\java.dll
0x00007ffb8af80000 - 0x00007ffb8af96000 	C:\Program Files\Android\Android Studio\jre\jre\bin\zip.dll
0x00007ffba4eb0000 - 0x00007ffba62f5000 	C:\WINDOWS\System32\SHELL32.dll
0x00007ffba4170000 - 0x00007ffba4219000 	C:\WINDOWS\System32\shcore.dll
0x00007ffba3620000 - 0x00007ffba3d35000 	C:\WINDOWS\System32\windows.storage.dll
0x00007ffba66d0000 - 0x00007ffba6721000 	C:\WINDOWS\System32\shlwapi.dll
0x00007ffba2d50000 - 0x00007ffba2d61000 	C:\WINDOWS\System32\kernel.appcore.dll
0x00007ffba2d20000 - 0x00007ffba2d3f000 	C:\WINDOWS\System32\profapi.dll
0x00007ffba2cb0000 - 0x00007ffba2cfc000 	C:\WINDOWS\System32\powrprof.dll
0x00007ffba2d40000 - 0x00007ffba2d4a000 	C:\WINDOWS\System32\FLTLIB.DLL
0x00007ffb89ff0000 - 0x00007ffb8a00a000 	C:\Program Files\Android\Android Studio\jre\jre\bin\net.dll
0x00007ffba2530000 - 0x00007ffba2596000 	C:\WINDOWS\system32\mswsock.dll
0x00007ffb7ff10000 - 0x00007ffb7ff23000 	C:\Program Files\Android\Android Studio\jre\jre\bin\nio.dll
0x00007ffb8c140000 - 0x00007ffb8c166000 	C:\Users\hp\.gradle\native\30\windows-amd64\native-platform.dll
0x00007ffb97240000 - 0x00007ffb9724d000 	C:\Program Files\Android\Android Studio\jre\jre\bin\management.dll
0x00007ffba26e0000 - 0x00007ffba26f7000 	C:\WINDOWS\SYSTEM32\CRYPTSP.dll
0x00007ffba20e0000 - 0x00007ffba2113000 	C:\WINDOWS\system32\rsaenh.dll
0x00007ffba2810000 - 0x00007ffba2835000 	C:\WINDOWS\SYSTEM32\bcrypt.dll
0x00007ffba2be0000 - 0x00007ffba2c08000 	C:\WINDOWS\SYSTEM32\USERENV.dll
0x00007ffba2700000 - 0x00007ffba270b000 	C:\WINDOWS\SYSTEM32\CRYPTBASE.dll
0x00007ffba2280000 - 0x00007ffba22b8000 	C:\WINDOWS\SYSTEM32\IPHLPAPI.DLL
0x00007ffba6550000 - 0x00007ffba6558000 	C:\WINDOWS\System32\NSI.dll
0x00007ffb9d300000 - 0x00007ffb9d316000 	C:\WINDOWS\SYSTEM32\dhcpcsvc6.DLL
0x00007ffb9d2e0000 - 0x00007ffb9d2fa000 	C:\WINDOWS\SYSTEM32\dhcpcsvc.DLL

VM Arguments:
jvm_args: -Xmx1204M -Dfile.encoding=windows-1252 -Duser.country=US -Duser.language=en -Duser.variant 
java_command: org.gradle.launcher.daemon.bootstrap.GradleDaemon 5.6.2
java_class_path (initial): C:\Users\hp\.gradle\wrapper\dists\gradle-5.6.2-all\9st6wgf78h16so49nn74lgtbb\gradle-5.6.2\lib\gradle-launcher-5.6.2.jar
Launcher Type: SUN_STANDARD

Environment Variables:
JAVA_HOME=C:\Program Files\Android\Android Studio\jre
CLASSPATH=C:\Users\hp\(VSC) App Development\first_app\android\\gradle\wrapper\gradle-wrapper.jar
PATH=C:\Program Files (x86)\Common Files\Oracle\Java\javapath;C:\ProgramData\Oracle\Java\javapath;C:\WINDOWS\system32;C:\WINDOWS;C:\WINDOWS\System32\Wbem;C:\WINDOWS\System32\WindowsPowerShell\v1.0\;C:\WINDOWS\System32\OpenSSH\;C:\Users\hp\AppData\Local\Microsoft\WindowsApps;C:\adb;C:\Users\hp\AppData\Local\Programs\Python\Python38-32;C:\Program Files\Java\jdk-14.0.2\bin;C:\Program Files\Java\jdk-14.0.2\bin;C:\Program Files\flutter\bin;C:\Program Files\Git\cmd;C:\Program Files\nodejs\;C:\Users\hp\AppData\Local\Programs\Python\Python38-32\Scripts\;C:\Users\hp\AppData\Local\Programs\Python\Python38-32\;C:\Users\hp\AppData\Local\Microsoft\WindowsApps;C:\Program Files (x86)\Nmap;C:\Program Files\JetBrains\IntelliJ IDEA Community Edition 2020.2\bin;;C:\Users\hp\AppData\Local\Programs\Microsoft VS Code\bin;C:\Users\hp\AppData\Roaming\npm;C:\Program Files\flutter\bin\mingit\cmd
USERNAME=hp
OS=Windows_NT
PROCESSOR_IDENTIFIER=Intel64 Family 6 Model 78 Stepping 3, GenuineIntel



---------------  S Y S T E M  ---------------

OS: Windows 10.0 , 64 bit Build 17134 (10.0.17134.1425)

CPU:total 4 (initial active 4) (2 cores per cpu, 2 threads per core) family 6 model 78 stepping 3, cmov, cx8, fxsr, mmx, sse, sse2, sse3, ssse3, sse4.1, sse4.2, popcnt, avx, avx2, aes, clmul, erms, 3dnowpref, lzcnt, ht, tsc, tscinvbit, bmi1, bmi2, adx

Memory: 4k page, physical 8268112k(1185624k free), swap 8268112k(7456k free)

vm_info: OpenJDK 64-Bit Server VM (25.242-b01) for windows-amd64 JRE (1.8.0_242-release-1644-b01), built by "builder" with MS VC++ 10.0 (VS2010)

time: Wed Sep 23 12:19:09 2020
timezone: India Standard Time
elapsed time: 37 seconds (0d 0h 0m 37s)

