#
# There is insufficient memory for the Java Runtime Environment to continue.
# Native memory allocation (malloc) failed to allocate 32744 bytes for ChunkPool::allocate
# Possible reasons:
#   The system is out of physical RAM or swap space
#   The process is running with CompressedOops enabled, and the Java Heap may be blocking the growth of the native heap
# Possible solutions:
#   Reduce memory load on the system
#   Increase physical memory or swap space
#   Check if swap backing store is full
#   Decrease Java heap size (-Xmx/-Xms)
#   Decrease number of Java threads
#   Decrease Java thread stack sizes (-Xss)
#   Set larger code cache with -XX:ReservedCodeCacheSize=
#   JVM is running with Unscaled Compressed Oops mode in which the Java heap is
#     placed in the first 4GB address space. The Java Heap base address is the
#     maximum limit for the native heap growth. Please use -XX:HeapBaseMinAddress
#     to set the Java Heap base and to place the Java Heap above 4GB virtual address.
# This output file may be truncated or incomplete.
#
#  Out of Memory Error (allocation.cpp:272), pid=4024, tid=0x00000000000034ec
#
# JRE version: OpenJDK Runtime Environment (8.0_242-b01) (build 1.8.0_242-release-1644-b01)
# Java VM: OpenJDK 64-Bit Server VM (25.242-b01 mixed mode windows-amd64 compressed oops)
# Failed to write core dump. Minidumps are not enabled by default on client versions of Windows
#

---------------  T H R E A D  ---------------

Current thread (0x0000000015ea9800):  JavaThread "C2 CompilerThread0" daemon [_thread_in_native, id=13548, stack(0x00000000174f0000,0x00000000175f0000)]

Stack: [0x00000000174f0000,0x00000000175f0000]
[error occurred during error reporting (printing stack bounds), id 0xc0000005]

Native frames: (J=compiled Java code, j=interpreted, Vv=VM code, C=native code)


Current CompileTask:
C2: 121920 9373       4       java.io.FilterOutputStream::write (9 bytes)


---------------  P R O C E S S  ---------------

Java Threads: ( => current thread )
  0x0000000020c70800 JavaThread "Exec process Thread 6" [_thread_in_native, id=6096, stack(0x00000000269f0000,0x0000000026af0000)]
  0x0000000020c72800 JavaThread "Exec process Thread 5" [_thread_in_native, id=9612, stack(0x00000000268f0000,0x00000000269f0000)]
  0x0000000020c76000 JavaThread "Exec process Thread 4" [_thread_in_native, id=9968, stack(0x00000000267f0000,0x00000000268f0000)]
  0x0000000020c77000 JavaThread "Cache worker for execution history cache (C:\Users\hp\(VSC) App Development\first_app\android\.gradle\5.6.2\executionHistory)" [_thread_blocked, id=12688, stack(0x00000000266f0000,0x00000000267f0000)]
  0x0000000020c75800 JavaThread "Execution worker for ':' Thread 3" [_thread_blocked, id=1456, stack(0x00000000265f0000,0x00000000266f0000)]
  0x0000000020c74800 JavaThread "Execution worker for ':' Thread 2" [_thread_blocked, id=11544, stack(0x00000000264f0000,0x00000000265f0000)]
  0x0000000020c6e800 JavaThread "Execution worker for ':'" [_thread_blocked, id=16328, stack(0x00000000263f0000,0x00000000264f0000)]
  0x0000000020c6f000 JavaThread "Cache worker for file content cache (C:\Users\hp\(VSC) App Development\first_app\android\.gradle\5.6.2\fileContent)" [_thread_blocked, id=9692, stack(0x00000000262f0000,0x00000000263f0000)]
  0x0000000020c6d000 JavaThread "Cache worker for Build Output Cleanup Cache (C:\Users\hp\(VSC) App Development\first_app\android\.gradle\buildOutputCleanup)" [_thread_blocked, id=11380, stack(0x00000000261f0000,0x00000000262f0000)]
  0x0000000020c73000 JavaThread "Build operations Thread 4" [_thread_blocked, id=11284, stack(0x00000000260f0000,0x00000000261f0000)]
  0x0000000015ebc000 JavaThread "Build operations Thread 3" [_thread_blocked, id=4976, stack(0x0000000025ff0000,0x00000000260f0000)]
  0x000000001d8f6000 JavaThread "Build operations Thread 2" [_thread_blocked, id=12196, stack(0x0000000025ef0000,0x0000000025ff0000)]
  0x000000001d8f4000 JavaThread "Build operations" [_thread_blocked, id=9540, stack(0x0000000025df0000,0x0000000025ef0000)]
  0x000000001d8f3000 JavaThread "Cache worker for cache directory md-rule (C:\Users\hp\.gradle\caches\5.6.2\md-rule)" [_thread_blocked, id=10076, stack(0x0000000025cf0000,0x0000000025df0000)]
  0x000000001d8f4800 JavaThread "Cache worker for cache directory md-supplier (C:\Users\hp\.gradle\caches\5.6.2\md-supplier)" [_thread_blocked, id=15236, stack(0x0000000025bf0000,0x0000000025cf0000)]
  0x000000001d8f2800 JavaThread "Cache worker for file hash cache (C:\Users\hp\(VSC) App Development\first_app\android\.gradle\5.6.2\fileHashes)" [_thread_blocked, id=7484, stack(0x0000000025af0000,0x0000000025bf0000)]
  0x000000001d8f1800 JavaThread "Thread-37" [_thread_blocked, id=8496, stack(0x00000000259f0000,0x0000000025af0000)]
  0x000000001d8ea000 JavaThread "Stdin handler" [_thread_blocked, id=8176, stack(0x00000000258f0000,0x00000000259f0000)]
  0x000000001d8f0000 JavaThread "Asynchronous log dispatcher for DefaultDaemonConnection: socket connection from /127.0.0.1:21323 to /127.0.0.1:21564" [_thread_blocked, id=976, stack(0x00000000257f0000,0x00000000258f0000)]
  0x000000001d8ee800 JavaThread "Daemon worker Thread 2" [_thread_blocked, id=5428, stack(0x00000000256f0000,0x00000000257f0000)]
  0x000000001d8ec000 JavaThread "Cancel handler" [_thread_blocked, id=1744, stack(0x00000000255f0000,0x00000000256f0000)]
  0x000000001d8f1000 JavaThread "Handler for socket connection from /127.0.0.1:21323 to /127.0.0.1:21564" [_thread_in_native, id=4060, stack(0x00000000254f0000,0x00000000255f0000)]
  0x000000001d8ed800 JavaThread "Daemon Thread 2" [_thread_blocked, id=6012, stack(0x00000000253f0000,0x00000000254f0000)]
  0x000000001d8f8800 JavaThread "Cache worker for file content cache (C:\Users\hp\.gradle\caches\5.6.2\fileContent)" [_thread_blocked, id=1968, stack(0x0000000024790000,0x0000000024890000)]
  0x000000001d8f7800 JavaThread "Memory manager" [_thread_blocked, id=3400, stack(0x0000000023a00000,0x0000000023b00000)]
  0x000000001d8e9000 JavaThread "Cache worker for execution history cache (C:\Users\hp\.gradle\caches\5.6.2\executionHistory)" [_thread_blocked, id=12020, stack(0x000000001fe40000,0x000000001ff40000)]
  0x0000000015ebb000 JavaThread "Cache worker for journal cache (C:\Users\hp\.gradle\caches\journal-1)" [_thread_blocked, id=15468, stack(0x000000001bb10000,0x000000001bc10000)]
  0x0000000015eb8000 JavaThread "File lock request listener" [_thread_in_native, id=11164, stack(0x000000001b910000,0x000000001ba10000)]
  0x0000000015eb5800 JavaThread "Cache worker for file hash cache (C:\Users\hp\.gradle\caches\5.6.2\fileHashes)" [_thread_blocked, id=11260, stack(0x000000001b810000,0x000000001b910000)]
  0x00000000196dc000 JavaThread "Daemon periodic checks" [_thread_blocked, id=9660, stack(0x000000001ae10000,0x000000001af10000)]
  0x000000001964c000 JavaThread "Incoming local TCP Connector on port 21323" [_thread_in_native, id=8300, stack(0x000000001abd0000,0x000000001acd0000)]
  0x0000000017b11000 JavaThread "Daemon health stats" [_thread_blocked, id=14708, stack(0x000000001a590000,0x000000001a690000)]
  0x0000000017823800 JavaThread "Service Thread" daemon [_thread_blocked, id=8692, stack(0x0000000017bf0000,0x0000000017cf0000)]
  0x0000000015eb6800 JavaThread "C1 CompilerThread2" daemon [_thread_blocked, id=11564, stack(0x00000000176f0000,0x00000000177f0000)]
  0x0000000015eb0000 JavaThread "C2 CompilerThread1" daemon [_thread_in_vm, id=12260, stack(0x00000000175f0000,0x00000000176f0000)]
=>0x0000000015ea9800 JavaThread "C2 CompilerThread0" daemon [_thread_in_native, id=13548, stack(0x00000000174f0000,0x00000000175f0000)]
  0x0000000015ea6800 JavaThread "Attach Listener" daemon [_thread_blocked, id=15248, stack(0x00000000173f0000,0x00000000174f0000)]
  0x0000000015ea5000 JavaThread "Signal Dispatcher" daemon [_thread_blocked, id=10556, stack(0x00000000172f0000,0x00000000173f0000)]
  0x000000000252b800 JavaThread "Finalizer" daemon [_thread_blocked, id=14732, stack(0x0000000017100000,0x0000000017200000)]
  0x0000000015e89000 JavaThread "Reference Handler" daemon [_thread_blocked, id=14824, stack(0x0000000017000000,0x0000000017100000)]
  0x0000000002433000 JavaThread "main" [_thread_blocked, id=10264, stack(0x0000000002330000,0x0000000002430000)]

Other Threads:
  0x0000000015e67000 VMThread [stack: 0x0000000016f00000,0x0000000017000000] [id=5768]
  0x0000000017824000 WatcherThread [stack: 0x0000000017cf0000,0x0000000017df0000] [id=8952]

VM state:not at safepoint (normal execution)

VM Mutex/Monitor currently owned by a thread: None

heap address: 0x00000000a0000000, size: 1536 MB, Compressed Oops mode: 32-bit
Narrow klass base: 0x0000000000000000, Narrow klass shift: 3
Compressed class space size: 1073741824 Address: 0x0000000100000000

Heap:
 PSYoungGen      total 157696K, used 103679K [0x00000000e0000000, 0x00000000eca80000, 0x0000000100000000)
  eden space 143872K, 63% used [0x00000000e0000000,0x00000000e599b1c8,0x00000000e8c80000)
  from space 13824K, 86% used [0x00000000e8c80000,0x00000000e9824df8,0x00000000e9a00000)
  to   space 14848K, 0% used [0x00000000ebc00000,0x00000000ebc00000,0x00000000eca80000)
 ParOldGen       total 133632K, used 35792K [0x00000000a0000000, 0x00000000a8280000, 0x00000000e0000000)
  object space 133632K, 26% used [0x00000000a0000000,0x00000000a22f4000,0x00000000a8280000)
 Metaspace       used 67012K, capacity 69678K, committed 69928K, reserved 1110016K
  class space    used 8915K, capacity 9501K, committed 9520K, reserved 1048576K

Card table byte_map: [0x00000000118f0000,0x0000000011c00000] byte_map_base: 0x00000000113f0000

Marking Bits: (ParMarkBitMap*) 0x0000000050baf030
 Begin Bits: [0x0000000012200000, 0x0000000013a00000)
 End Bits:   [0x0000000013a00000, 0x0000000015200000)

Polling page: 0x0000000000530000

CodeCache: size=245760Kb used=25977Kb max_used=25991Kb free=219782Kb
 bounds [0x0000000002530000, 0x0000000003eb0000, 0x0000000011530000]
 total_blobs=9079 nmethods=8273 adapters=719
 compilation: enabled

Compilation events (10 events):
Event: 121.880 Thread 0x0000000015eb6800 9368       3       org.gradle.internal.logging.text.AbstractLineChoppingStyledTextOutput$1::execute (9 bytes)
Event: 121.880 Thread 0x0000000015eb6800 nmethod 9368 0x0000000003e9e510 code [0x0000000003e9e680, 0x0000000003e9e8e8]
Event: 121.881 Thread 0x0000000015eb6800 9369       3       sun.nio.cs.SingleByte$Decoder::decodeLoop (28 bytes)
Event: 121.881 Thread 0x0000000015eb0000 9371   !   4       java.io.PrintStream::write (66 bytes)
Event: 121.882 Thread 0x0000000015eb6800 nmethod 9369 0x0000000003e9dcd0 code [0x0000000003e9de60, 0x0000000003e9e398]
Event: 121.882 Thread 0x0000000015eb6800 9370       3       org.gradle.internal.logging.events.RenderableOutputEvent::<init> (15 bytes)
Event: 121.882 Thread 0x0000000015eb6800 nmethod 9370 0x0000000003e9d750 code [0x0000000003e9d8c0, 0x0000000003e9db70]
Event: 121.882 Thread 0x0000000015eb6800 9372       3       org.gradle.internal.logging.console.StyledTextOutputBackedRenderer$OutputEventTextOutputImpl::doLineText (17 bytes)
Event: 121.883 Thread 0x0000000015eb6800 nmethod 9372 0x0000000003e9d2d0 code [0x0000000003e9d440, 0x0000000003e9d668]
Event: 121.883 Thread 0x0000000015ea9800 9373       4       java.io.FilterOutputStream::write (9 bytes)

GC Heap History (10 events):
Event: 21.812 GC heap before
{Heap before GC invocations=16 (full 2):
 PSYoungGen      total 100864K, used 99045K [0x00000000e0000000, 0x00000000e8400000, 0x0000000100000000)
  eden space 89600K, 100% used [0x00000000e0000000,0x00000000e5780000,0x00000000e5780000)
  from space 11264K, 83% used [0x00000000e5780000,0x00000000e60b95f0,0x00000000e6280000)
  to   space 11776K, 0% used [0x00000000e7880000,0x00000000e7880000,0x00000000e8400000)
 ParOldGen       total 93696K, used 19864K [0x00000000a0000000, 0x00000000a5b80000, 0x00000000e0000000)
  object space 93696K, 21% used [0x00000000a0000000,0x00000000a13661a0,0x00000000a5b80000)
 Metaspace       used 52295K, capacity 53762K, committed 53928K, reserved 1095680K
  class space    used 7117K, capacity 7520K, committed 7600K, reserved 1048576K
Event: 21.835 GC heap after
Heap after GC invocations=16 (full 2):
 PSYoungGen      total 122880K, used 9166K [0x00000000e0000000, 0x00000000e8980000, 0x0000000100000000)
  eden space 111104K, 0% used [0x00000000e0000000,0x00000000e0000000,0x00000000e6c80000)
  from space 11776K, 77% used [0x00000000e7880000,0x00000000e8173980,0x00000000e8400000)
  to   space 12288K, 0% used [0x00000000e6c80000,0x00000000e6c80000,0x00000000e7880000)
 ParOldGen       total 93696K, used 25470K [0x00000000a0000000, 0x00000000a5b80000, 0x00000000e0000000)
  object space 93696K, 27% used [0x00000000a0000000,0x00000000a18df8d0,0x00000000a5b80000)
 Metaspace       used 52295K, capacity 53762K, committed 53928K, reserved 1095680K
  class space    used 7117K, capacity 7520K, committed 7600K, reserved 1048576K
}
Event: 24.284 GC heap before
{Heap before GC invocations=17 (full 2):
 PSYoungGen      total 122880K, used 120270K [0x00000000e0000000, 0x00000000e8980000, 0x0000000100000000)
  eden space 111104K, 100% used [0x00000000e0000000,0x00000000e6c80000,0x00000000e6c80000)
  from space 11776K, 77% used [0x00000000e7880000,0x00000000e8173980,0x00000000e8400000)
  to   space 12288K, 0% used [0x00000000e6c80000,0x00000000e6c80000,0x00000000e7880000)
 ParOldGen       total 93696K, used 25470K [0x00000000a0000000, 0x00000000a5b80000, 0x00000000e0000000)
  object space 93696K, 27% used [0x00000000a0000000,0x00000000a18df8d0,0x00000000a5b80000)
 Metaspace       used 56969K, capacity 58834K, committed 59048K, reserved 1099776K
  class space    used 7756K, capacity 8277K, committed 8368K, reserved 1048576K
Event: 24.317 GC heap after
Heap after GC invocations=17 (full 2):
 PSYoungGen      total 123392K, used 10675K [0x00000000e0000000, 0x00000000ea700000, 0x0000000100000000)
  eden space 111104K, 0% used [0x00000000e0000000,0x00000000e0000000,0x00000000e6c80000)
  from space 12288K, 86% used [0x00000000e6c80000,0x00000000e76ecf40,0x00000000e7880000)
  to   space 13312K, 0% used [0x00000000e9a00000,0x00000000e9a00000,0x00000000ea700000)
 ParOldGen       total 93696K, used 29736K [0x00000000a0000000, 0x00000000a5b80000, 0x00000000e0000000)
  object space 93696K, 31% used [0x00000000a0000000,0x00000000a1d0a0f0,0x00000000a5b80000)
 Metaspace       used 56969K, capacity 58834K, committed 59048K, reserved 1099776K
  class space    used 7756K, capacity 8277K, committed 8368K, reserved 1048576K
}
Event: 24.435 GC heap before
{Heap before GC invocations=18 (full 2):
 PSYoungGen      total 123392K, used 17854K [0x00000000e0000000, 0x00000000ea700000, 0x0000000100000000)
  eden space 111104K, 6% used [0x00000000e0000000,0x00000000e0702af0,0x00000000e6c80000)
  from space 12288K, 86% used [0x00000000e6c80000,0x00000000e76ecf40,0x00000000e7880000)
  to   space 13312K, 0% used [0x00000000e9a00000,0x00000000e9a00000,0x00000000ea700000)
 ParOldGen       total 93696K, used 29736K [0x00000000a0000000, 0x00000000a5b80000, 0x00000000e0000000)
  object space 93696K, 31% used [0x00000000a0000000,0x00000000a1d0a0f0,0x00000000a5b80000)
 Metaspace       used 57187K, capacity 59140K, committed 59160K, reserved 1099776K
  class space    used 7804K, capacity 8352K, committed 8368K, reserved 1048576K
Event: 24.457 GC heap after
Heap after GC invocations=18 (full 2):
 PSYoungGen      total 157184K, used 512K [0x00000000e0000000, 0x00000000ebc00000, 0x0000000100000000)
  eden space 143872K, 0% used [0x00000000e0000000,0x00000000e0000000,0x00000000e8c80000)
  from space 13312K, 3% used [0x00000000e9a00000,0x00000000e9a80000,0x00000000ea700000)
  to   space 13824K, 0% used [0x00000000e8c80000,0x00000000e8c80000,0x00000000e9a00000)
 ParOldGen       total 93696K, used 37626K [0x00000000a0000000, 0x00000000a5b80000, 0x00000000e0000000)
  object space 93696K, 40% used [0x00000000a0000000,0x00000000a24be918,0x00000000a5b80000)
 Metaspace       used 57187K, capacity 59140K, committed 59160K, reserved 1099776K
  class space    used 7804K, capacity 8352K, committed 8368K, reserved 1048576K
}
Event: 24.457 GC heap before
{Heap before GC invocations=19 (full 3):
 PSYoungGen      total 157184K, used 512K [0x00000000e0000000, 0x00000000ebc00000, 0x0000000100000000)
  eden space 143872K, 0% used [0x00000000e0000000,0x00000000e0000000,0x00000000e8c80000)
  from space 13312K, 3% used [0x00000000e9a00000,0x00000000e9a80000,0x00000000ea700000)
  to   space 13824K, 0% used [0x00000000e8c80000,0x00000000e8c80000,0x00000000e9a00000)
 ParOldGen       total 93696K, used 37626K [0x00000000a0000000, 0x00000000a5b80000, 0x00000000e0000000)
  object space 93696K, 40% used [0x00000000a0000000,0x00000000a24be918,0x00000000a5b80000)
 Metaspace       used 57187K, capacity 59140K, committed 59160K, reserved 1099776K
  class space    used 7804K, capacity 8352K, committed 8368K, reserved 1048576K
Event: 25.006 GC heap after
Heap after GC invocations=19 (full 3):
 PSYoungGen      total 157184K, used 0K [0x00000000e0000000, 0x00000000ebc00000, 0x0000000100000000)
  eden space 143872K, 0% used [0x00000000e0000000,0x00000000e0000000,0x00000000e8c80000)
  from space 13312K, 0% used [0x00000000e9a00000,0x00000000e9a00000,0x00000000ea700000)
  to   space 13824K, 0% used [0x00000000e8c80000,0x00000000e8c80000,0x00000000e9a00000)
 ParOldGen       total 133632K, used 35784K [0x00000000a0000000, 0x00000000a8280000, 0x00000000e0000000)
  object space 133632K, 26% used [0x00000000a0000000,0x00000000a22f2000,0x00000000a8280000)
 Metaspace       used 57143K, capacity 59018K, committed 59160K, reserved 1099776K
  class space    used 7790K, capacity 8327K, committed 8368K, reserved 1048576K
}
Event: 49.202 GC heap before
{Heap before GC invocations=20 (full 3):
 PSYoungGen      total 157184K, used 143872K [0x00000000e0000000, 0x00000000ebc00000, 0x0000000100000000)
  eden space 143872K, 100% used [0x00000000e0000000,0x00000000e8c80000,0x00000000e8c80000)
  from space 13312K, 0% used [0x00000000e9a00000,0x00000000e9a00000,0x00000000ea700000)
  to   space 13824K, 0% used [0x00000000e8c80000,0x00000000e8c80000,0x00000000e9a00000)
 ParOldGen       total 133632K, used 35784K [0x00000000a0000000, 0x00000000a8280000, 0x00000000e0000000)
  object space 133632K, 26% used [0x00000000a0000000,0x00000000a22f2000,0x00000000a8280000)
 Metaspace       used 64559K, capacity 67174K, committed 67240K, reserved 1107968K
  class space    used 8779K, capacity 9373K, committed 9392K, reserved 1048576K
Event: 49.226 GC heap after
Heap after GC invocations=20 (full 3):
 PSYoungGen      total 157696K, used 11923K [0x00000000e0000000, 0x00000000eca80000, 0x0000000100000000)
  eden space 143872K, 0% used [0x00000000e0000000,0x00000000e0000000,0x00000000e8c80000)
  from space 13824K, 86% used [0x00000000e8c80000,0x00000000e9824df8,0x00000000e9a00000)
  to   space 14848K, 0% used [0x00000000ebc00000,0x00000000ebc00000,0x00000000eca80000)
 ParOldGen       total 133632K, used 35792K [0x00000000a0000000, 0x00000000a8280000, 0x00000000e0000000)
  object space 133632K, 26% used [0x00000000a0000000,0x00000000a22f4000,0x00000000a8280000)
 Metaspace       used 64559K, capacity 67174K, committed 67240K, reserved 1107968K
  class space    used 8779K, capacity 9373K, committed 9392K, reserved 1048576K
}

Deoptimization events (10 events):
Event: 116.049 Thread 0x000000001d8ee800 Uncommon trap: reason=class_check action=maybe_recompile pc=0x0000000003983ce8 method=java.util.regex.Pattern$Loop.match(Ljava/util/regex/Matcher;ILjava/lang/CharSequence;)Z @ 139
Event: 116.053 Thread 0x000000001d8ee800 Uncommon trap: reason=class_check action=maybe_recompile pc=0x0000000003983ce8 method=java.util.regex.Pattern$Loop.match(Ljava/util/regex/Matcher;ILjava/lang/CharSequence;)Z @ 139
Event: 116.718 Thread 0x000000001d8ee800 Uncommon trap: reason=unstable_if action=reinterpret pc=0x0000000003ade69c method=com.google.common.collect.MapMakerInternalMap$Segment.getEntry(Ljava/lang/Object;I)Lcom/google/common/collect/MapMakerInternalMap$InternalEntry; @ 40
Event: 116.718 Thread 0x000000001d8ee800 Uncommon trap: reason=unstable_if action=reinterpret pc=0x0000000003ada430 method=com.google.common.collect.MapMakerInternalMap$Segment.drainKeyReferenceQueue(Ljava/lang/ref/ReferenceQueue;)V @ 8
Event: 116.721 Thread 0x000000001d8ee800 Uncommon trap: reason=unstable_if action=reinterpret pc=0x0000000002744200 method=com.google.common.collect.MapMakerInternalMap$Segment.getEntry(Ljava/lang/Object;I)Lcom/google/common/collect/MapMakerInternalMap$InternalEntry; @ 40
Event: 116.721 Thread 0x0000000015ebc000 Uncommon trap: reason=unstable_if action=reinterpret pc=0x0000000002744200 method=com.google.common.collect.MapMakerInternalMap$Segment.getEntry(Ljava/lang/Object;I)Lcom/google/common/collect/MapMakerInternalMap$InternalEntry; @ 40
Event: 117.524 Thread 0x0000000020c75800 Uncommon trap: reason=unstable_if action=reinterpret pc=0x0000000003ace7d0 method=java.util.concurrent.ConcurrentHashMap.addCount(JI)V @ 97
Event: 117.543 Thread 0x0000000020c74800 Uncommon trap: reason=unstable_if action=reinterpret pc=0x0000000002745100 method=java.util.concurrent.ConcurrentLinkedQueue.poll()Ljava/lang/Object; @ 25
Event: 121.854 Thread 0x0000000020c72800 Uncommon trap: reason=unstable_if action=reinterpret pc=0x0000000003452df4 method=org.gradle.internal.logging.text.AbstractLineChoppingStyledTextOutput$2.execute(Lorg/gradle/internal/logging/text/AbstractLineChoppingStyledTextOutput$StateContext;)V @ 30
Event: 121.864 Thread 0x0000000020c72800 Uncommon trap: reason=unstable_if action=reinterpret pc=0x0000000002938acc method=org.gradle.internal.logging.text.AbstractLineChoppingStyledTextOutput$2.execute(Lorg/gradle/internal/logging/text/AbstractLineChoppingStyledTextOutput$StateContext;)V @ 30

Classes redefined (0 events):
No events

Internal exceptions (10 events):
Event: 48.918 Thread 0x00000000196f4800 Implicit null exception at 0x0000000002e0bf6a to 0x0000000002e0c1dd
Event: 49.035 Thread 0x0000000019661000 Exception <a 'java/lang/NoSuchMethodError': <clinit>> (0x00000000e8721720) thrown at [C:\src\AOSP-openjdk-git\hotspot\src\share\vm\prims\jni.cpp, line 1615]
Event: 49.046 Thread 0x0000000019661000 Exception <a 'java/lang/NoSuchMethodError': <clinit>> (0x00000000e87334a0) thrown at [C:\src\AOSP-openjdk-git\hotspot\src\share\vm\prims\jni.cpp, line 1615]
Event: 49.046 Thread 0x0000000019661000 Exception <a 'java/lang/NoSuchMethodError': <clinit>> (0x00000000e8735950) thrown at [C:\src\AOSP-openjdk-git\hotspot\src\share\vm\prims\jni.cpp, line 1615]
Event: 49.048 Thread 0x0000000019661000 Exception <a 'java/lang/NoSuchMethodError': <clinit>> (0x00000000e8745ab0) thrown at [C:\src\AOSP-openjdk-git\hotspot\src\share\vm\prims\jni.cpp, line 1615]
Event: 49.049 Thread 0x0000000019661000 Exception <a 'java/lang/NoSuchMethodError': <clinit>> (0x00000000e8750e60) thrown at [C:\src\AOSP-openjdk-git\hotspot\src\share\vm\prims\jni.cpp, line 1615]
Event: 115.672 Thread 0x000000001d8ee800 Implicit null exception at 0x00000000027b2b34 to 0x00000000027b2dc1
Event: 115.673 Thread 0x000000001d8ee800 Implicit null exception at 0x000000000382c275 to 0x000000000382c801
Event: 116.721 Thread 0x000000001d8ee800 Implicit null exception at 0x0000000002743f23 to 0x00000000027441e9
Event: 116.721 Thread 0x0000000015ebc000 Implicit null exception at 0x0000000002743f23 to 0x00000000027441e9

Events (10 events):
Event: 117.772 Executing VM operation: RevokeBias
Event: 117.772 Executing VM operation: RevokeBias done
Event: 117.775 Thread 0x0000000020c72800 Thread added: 0x0000000020c72800
Event: 117.775 Thread 0x0000000020c70800 Thread added: 0x0000000020c70800
Event: 121.854 Thread 0x0000000020c72800 Uncommon trap: trap_request=0xffffff65 fr.pc=0x0000000003452df4
Event: 121.854 Thread 0x0000000020c72800 DEOPT PACKING pc=0x0000000003452df4 sp=0x00000000269ede90
Event: 121.854 Thread 0x0000000020c72800 DEOPT UNPACKING pc=0x000000000257557b sp=0x00000000269edcf0 mode 2
Event: 121.864 Thread 0x0000000020c72800 Uncommon trap: trap_request=0xffffff65 fr.pc=0x0000000002938acc
Event: 121.864 Thread 0x0000000020c72800 DEOPT PACKING pc=0x0000000002938acc sp=0x00000000269ede60
Event: 121.864 Thread 0x0000000020c72800 DEOPT UNPACKING pc=0x000000000257557b sp=0x00000000269edce8 mode 2


Dynamic libraries:
0x00007ff6c4310000 - 0x00007ff6c4341000 	C:\Program Files\Android\Android Studio\jre\bin\java.exe
0x00007ffef0c50000 - 0x00007ffef0e31000 	C:\WINDOWS\SYSTEM32\ntdll.dll
0x00007ffef05e0000 - 0x00007ffef0691000 	C:\WINDOWS\System32\KERNEL32.DLL
0x00007ffeed090000 - 0x00007ffeed303000 	C:\WINDOWS\System32\KERNELBASE.dll
0x00007ffef0420000 - 0x00007ffef04c1000 	C:\WINDOWS\System32\ADVAPI32.dll
0x00007ffef0b60000 - 0x00007ffef0bfe000 	C:\WINDOWS\System32\msvcrt.dll
0x00007ffef06a0000 - 0x00007ffef06fb000 	C:\WINDOWS\System32\sechost.dll
0x00007ffeee0e0000 - 0x00007ffeee204000 	C:\WINDOWS\System32\RPCRT4.dll
0x00007ffef0970000 - 0x00007ffef0b00000 	C:\WINDOWS\System32\USER32.dll
0x00007ffeedf10000 - 0x00007ffeedf30000 	C:\WINDOWS\System32\win32u.dll
0x00007ffeee480000 - 0x00007ffeee4a8000 	C:\WINDOWS\System32\GDI32.dll
0x00007ffeeda30000 - 0x00007ffeedbc3000 	C:\WINDOWS\System32\gdi32full.dll
0x00007ffeee040000 - 0x00007ffeee0df000 	C:\WINDOWS\System32\msvcp_win.dll
0x00007ffeede10000 - 0x00007ffeedf08000 	C:\WINDOWS\System32\ucrtbase.dll
0x00007ffedde20000 - 0x00007ffede089000 	C:\WINDOWS\WinSxS\amd64_microsoft.windows.common-controls_6595b64144ccf1df_6.0.17134.1610_none_d3fd41197c928db6\COMCTL32.dll
0x00007ffeee4b0000 - 0x00007ffeee7d0000 	C:\WINDOWS\System32\combase.dll
0x00007ffeed010000 - 0x00007ffeed089000 	C:\WINDOWS\System32\bcryptPrimitives.dll
0x00007ffeee910000 - 0x00007ffeee93d000 	C:\WINDOWS\System32\IMM32.DLL
0x0000000050c30000 - 0x0000000050d02000 	C:\Program Files\Android\Android Studio\jre\jre\bin\msvcr100.dll
0x00000000503e0000 - 0x0000000050c2b000 	C:\Program Files\Android\Android Studio\jre\jre\bin\server\jvm.dll
0x00007ffeeee40000 - 0x00007ffeeee48000 	C:\WINDOWS\System32\PSAPI.DLL
0x00007ffee76e0000 - 0x00007ffee7703000 	C:\WINDOWS\SYSTEM32\WINMM.dll
0x00007ffee7d80000 - 0x00007ffee7d8a000 	C:\WINDOWS\SYSTEM32\VERSION.dll
0x00007ffed2700000 - 0x00007ffed2709000 	C:\WINDOWS\SYSTEM32\WSOCK32.dll
0x00007ffee76b0000 - 0x00007ffee76da000 	C:\WINDOWS\SYSTEM32\winmmbase.dll
0x00007ffeedbd0000 - 0x00007ffeedc19000 	C:\WINDOWS\System32\cfgmgr32.dll
0x00007ffef0570000 - 0x00007ffef05dc000 	C:\WINDOWS\System32\ws2_32.DLL
0x00007ffee7870000 - 0x00007ffee787f000 	C:\Program Files\Android\Android Studio\jre\jre\bin\verify.dll
0x00007ffee2590000 - 0x00007ffee25b9000 	C:\Program Files\Android\Android Studio\jre\jre\bin\java.dll
0x00007ffee2520000 - 0x00007ffee2536000 	C:\Program Files\Android\Android Studio\jre\jre\bin\zip.dll
0x00007ffeeefd0000 - 0x00007ffef0415000 	C:\WINDOWS\System32\SHELL32.dll
0x00007ffeee940000 - 0x00007ffeee9e9000 	C:\WINDOWS\System32\shcore.dll
0x00007ffeed310000 - 0x00007ffeeda25000 	C:\WINDOWS\System32\windows.storage.dll
0x00007ffeee7d0000 - 0x00007ffeee821000 	C:\WINDOWS\System32\shlwapi.dll
0x00007ffeecf80000 - 0x00007ffeecf91000 	C:\WINDOWS\System32\kernel.appcore.dll
0x00007ffeecf60000 - 0x00007ffeecf7f000 	C:\WINDOWS\System32\profapi.dll
0x00007ffeecfa0000 - 0x00007ffeecfec000 	C:\WINDOWS\System32\powrprof.dll
0x00007ffeecf50000 - 0x00007ffeecf5a000 	C:\WINDOWS\System32\FLTLIB.DLL
0x00007ffee0df0000 - 0x00007ffee0e0a000 	C:\Program Files\Android\Android Studio\jre\jre\bin\net.dll
0x00007ffeec7d0000 - 0x00007ffeec836000 	C:\WINDOWS\system32\mswsock.dll
0x00007ffee0dd0000 - 0x00007ffee0de3000 	C:\Program Files\Android\Android Studio\jre\jre\bin\nio.dll
0x00007ffedc5f0000 - 0x00007ffedc616000 	C:\Users\hp\.gradle\native\30\windows-amd64\native-platform.dll
0x00007ffee0ec0000 - 0x00007ffee0ecd000 	C:\Program Files\Android\Android Studio\jre\jre\bin\management.dll
0x00007ffeec980000 - 0x00007ffeec997000 	C:\WINDOWS\SYSTEM32\CRYPTSP.dll
0x00007ffeec380000 - 0x00007ffeec3b3000 	C:\WINDOWS\system32\rsaenh.dll
0x00007ffeecab0000 - 0x00007ffeecad5000 	C:\WINDOWS\SYSTEM32\bcrypt.dll
0x00007ffeece80000 - 0x00007ffeecea8000 	C:\WINDOWS\SYSTEM32\USERENV.dll
0x00007ffeec9a0000 - 0x00007ffeec9ab000 	C:\WINDOWS\SYSTEM32\CRYPTBASE.dll
0x00007ffeec520000 - 0x00007ffeec558000 	C:\WINDOWS\SYSTEM32\IPHLPAPI.DLL
0x00007ffef0c10000 - 0x00007ffef0c18000 	C:\WINDOWS\System32\NSI.dll
0x00007ffee77f0000 - 0x00007ffee7806000 	C:\WINDOWS\SYSTEM32\dhcpcsvc6.DLL
0x00007ffee77d0000 - 0x00007ffee77ea000 	C:\WINDOWS\SYSTEM32\dhcpcsvc.DLL

VM Arguments:
jvm_args: -Xmx1536M -Dfile.encoding=windows-1252 -Duser.country=US -Duser.language=en -Duser.variant 
java_command: org.gradle.launcher.daemon.bootstrap.GradleDaemon 5.6.2
java_class_path (initial): C:\Users\hp\.gradle\wrapper\dists\gradle-5.6.2-all\9st6wgf78h16so49nn74lgtbb\gradle-5.6.2\lib\gradle-launcher-5.6.2.jar
Launcher Type: SUN_STANDARD

Environment Variables:
JAVA_HOME=C:\Program Files\Android\Android Studio\jre
CLASSPATH=C:\Users\hp\(VSC) App Development\first_app\android\\gradle\wrapper\gradle-wrapper.jar
PATH=C:\Program Files (x86)\Common Files\Oracle\Java\javapath;C:\ProgramData\Oracle\Java\javapath;C:\WINDOWS\system32;C:\WINDOWS;C:\WINDOWS\System32\Wbem;C:\WINDOWS\System32\WindowsPowerShell\v1.0\;C:\WINDOWS\System32\OpenSSH\;C:\Users\hp\AppData\Local\Microsoft\WindowsApps;C:\adb;C:\Users\hp\AppData\Local\Programs\Python\Python38-32;C:\Program Files\Java\jdk-14.0.2\bin;C:\Program Files\Java\jdk-14.0.2\bin;C:\Program Files\flutter\bin;C:\Program Files\Git\cmd;C:\Users\hp\AppData\Local\Programs\Python\Python38-32\Scripts\;C:\Users\hp\AppData\Local\Programs\Python\Python38-32\;C:\Users\hp\AppData\Local\Microsoft\WindowsApps;C:\Program Files (x86)\Nmap;C:\Program Files\JetBrains\IntelliJ IDEA Community Edition 2020.2\bin;;C:\Users\hp\AppData\Local\Programs\Microsoft VS Code\bin;C:\Program Files\flutter\bin\mingit\cmd
USERNAME=hp
OS=Windows_NT
PROCESSOR_IDENTIFIER=Intel64 Family 6 Model 78 Stepping 3, GenuineIntel



---------------  S Y S T E M  ---------------

OS: Windows 10.0 , 64 bit Build 17134 (10.0.17134.1425)

CPU:total 4 (initial active 4) (2 cores per cpu, 2 threads per core) family 6 model 78 stepping 3, cmov, cx8, fxsr, mmx, sse, sse2, sse3, ssse3, sse4.1, sse4.2, popcnt, avx, avx2, aes, clmul, erms, 3dnowpref, lzcnt, ht, tsc, tscinvbit, bmi1, bmi2, adx

Memory: 4k page, physical 8268112k(873932k free), swap 8268112k(1088k free)

vm_info: OpenJDK 64-Bit Server VM (25.242-b01) for windows-amd64 JRE (1.8.0_242-release-1644-b01), built by "builder" with MS VC++ 10.0 (VS2010)

time: Thu Sep 10 19:39:37 2020
timezone: India Standard Time
elapsed time: 121 seconds (0d 0h 2m 1s)

