#
# There is insufficient memory for the Java Runtime Environment to continue.
# Native memory allocation (malloc) failed to allocate 32744 bytes for ChunkPool::allocate
# Possible reasons:
#   The system is out of physical RAM or swap space
#   The process is running with CompressedOops enabled, and the Java Heap may be blocking the growth of the native heap
# Possible solutions:
#   Reduce memory load on the system
#   Increase physical memory or swap space
#   Check if swap backing store is full
#   Decrease Java heap size (-Xmx/-Xms)
#   Decrease number of Java threads
#   Decrease Java thread stack sizes (-Xss)
#   Set larger code cache with -XX:ReservedCodeCacheSize=
#   JVM is running with Unscaled Compressed Oops mode in which the Java heap is
#     placed in the first 4GB address space. The Java Heap base address is the
#     maximum limit for the native heap growth. Please use -XX:HeapBaseMinAddress
#     to set the Java Heap base and to place the Java Heap above 4GB virtual address.
# This output file may be truncated or incomplete.
#
#  Out of Memory Error (allocation.cpp:272), pid=19312, tid=0x0000000000001cc4
#
# JRE version: OpenJDK Runtime Environment (8.0_242-b01) (build 1.8.0_242-release-1644-b01)
# Java VM: OpenJDK 64-Bit Server VM (25.242-b01 mixed mode windows-amd64 compressed oops)
# Failed to write core dump. Minidumps are not enabled by default on client versions of Windows
#

---------------  T H R E A D  ---------------

Current thread (0x0000000017bba800):  JavaThread "C1 CompilerThread2" daemon [_thread_in_native, id=7364, stack(0x00000000193f0000,0x00000000194f0000)]

Stack: [0x00000000193f0000,0x00000000194f0000]
[error occurred during error reporting (printing stack bounds), id 0xc0000005]

Native frames: (J=compiled Java code, j=interpreted, Vv=VM code, C=native code)


Current CompileTask:
C1:   6544  878       3       java.util.regex.Matcher::group (112 bytes)


---------------  P R O C E S S  ---------------

Java Threads: ( => current thread )
  0x000000001a14c800 JavaThread "pool-1-thread-1" [_thread_blocked, id=10872, stack(0x000000001a2f0000,0x000000001a3f0000)]
  0x0000000019518800 JavaThread "Service Thread" daemon [_thread_blocked, id=10812, stack(0x00000000198f0000,0x00000000199f0000)]
=>0x0000000017bba800 JavaThread "C1 CompilerThread2" daemon [_thread_in_native, id=7364, stack(0x00000000193f0000,0x00000000194f0000)]
  0x0000000017bae800 JavaThread "C2 CompilerThread1" daemon [_thread_blocked, id=2500, stack(0x00000000192f0000,0x00000000193f0000)]
  0x0000000017bab000 JavaThread "C2 CompilerThread0" daemon [_thread_blocked, id=4052, stack(0x00000000191f0000,0x00000000192f0000)]
  0x0000000017ba9800 JavaThread "Attach Listener" daemon [_thread_blocked, id=11508, stack(0x00000000190f0000,0x00000000191f0000)]
  0x0000000017ba8000 JavaThread "Signal Dispatcher" daemon [_thread_blocked, id=9816, stack(0x0000000018ff0000,0x00000000190f0000)]
  0x000000000306d800 JavaThread "Finalizer" daemon [_thread_blocked, id=13628, stack(0x0000000018e00000,0x0000000018f00000)]
  0x0000000017b89000 JavaThread "Reference Handler" daemon [_thread_blocked, id=16340, stack(0x0000000018d00000,0x0000000018e00000)]
  0x0000000002f72800 JavaThread "main" [_thread_in_native, id=10300, stack(0x0000000002d90000,0x0000000002e90000)]

Other Threads:
  0x0000000017b68000 VMThread [stack: 0x0000000018c00000,0x0000000018d00000] [id=4476]
  0x0000000017bfe800 WatcherThread [stack: 0x00000000199f0000,0x0000000019af0000] [id=2956]

VM state:not at safepoint (normal execution)

VM Mutex/Monitor currently owned by a thread: None

heap address: 0x0000000081c00000, size: 2020 MB, Compressed Oops mode: 32-bit
Narrow klass base: 0x0000000000000000, Narrow klass shift: 3
Compressed class space size: 1073741824 Address: 0x0000000100000000

Heap:
 PSYoungGen      total 38400K, used 15820K [0x00000000d5f00000, 0x00000000d8980000, 0x0000000100000000)
  eden space 33280K, 32% used [0x00000000d5f00000,0x00000000d69a5ab8,0x00000000d7f80000)
  from space 5120K, 96% used [0x00000000d7f80000,0x00000000d844d7d0,0x00000000d8480000)
  to   space 5120K, 0% used [0x00000000d8480000,0x00000000d8480000,0x00000000d8980000)
 ParOldGen       total 87552K, used 16K [0x0000000081c00000, 0x0000000087180000, 0x00000000d5f00000)
  object space 87552K, 0% used [0x0000000081c00000,0x0000000081c04000,0x0000000087180000)
 Metaspace       used 10434K, capacity 10752K, committed 11008K, reserved 1058816K
  class space    used 1352K, capacity 1454K, committed 1536K, reserved 1048576K

Card table byte_map: [0x0000000012430000,0x0000000012830000] byte_map_base: 0x0000000012022000

Marking Bits: (ParMarkBitMap*) 0x00000000725bf030
 Begin Bits: [0x0000000012ee0000, 0x0000000014e70000)
 End Bits:   [0x0000000014e70000, 0x0000000016e00000)

Polling page: 0x0000000000bf0000

CodeCache: size=245760Kb used=3344Kb max_used=3378Kb free=242415Kb
 bounds [0x0000000003070000, 0x00000000033c0000, 0x0000000012070000]
 total_blobs=1232 nmethods=878 adapters=268
 compilation: enabled

Compilation events (10 events):
Event: 4.241 Thread 0x0000000017bba800  874       3       java.util.HashMap::containsKey (18 bytes)
Event: 4.241 Thread 0x0000000017bba800 nmethod 874 0x00000000033a7990 code [0x00000000033a7b20, 0x00000000033a7f18]
Event: 4.418 Thread 0x0000000017bae800 nmethod 808 0x00000000033b2390 code [0x00000000033b2760, 0x00000000033b9da0]
Event: 6.393 Thread 0x0000000017bba800  875       3       java.nio.HeapCharBuffer::ix (7 bytes)
Event: 6.393 Thread 0x0000000017bba800 nmethod 875 0x000000000339fc10 code [0x000000000339fd60, 0x000000000339feb0]
Event: 6.393 Thread 0x0000000017bba800  876       3       java.nio.CharBuffer::charAt (16 bytes)
Event: 6.393 Thread 0x0000000017bba800 nmethod 876 0x00000000033b1bd0 code [0x00000000033b1d60, 0x00000000033b2218]
Event: 6.466 Thread 0x0000000017bba800  877       3       java.util.concurrent.locks.AbstractQueuedSynchronizer::setState (6 bytes)
Event: 6.466 Thread 0x0000000017bba800 nmethod 877 0x00000000033b18d0 code [0x00000000033b1a20, 0x00000000033b1b70]
Event: 6.506 Thread 0x0000000017bba800  878       3       java.util.regex.Matcher::group (112 bytes)

GC Heap History (2 events):
Event: 1.737 GC heap before
{Heap before GC invocations=1 (full 0):
 PSYoungGen      total 38400K, used 33280K [0x00000000d5f00000, 0x00000000d8980000, 0x0000000100000000)
  eden space 33280K, 100% used [0x00000000d5f00000,0x00000000d7f80000,0x00000000d7f80000)
  from space 5120K, 0% used [0x00000000d8480000,0x00000000d8480000,0x00000000d8980000)
  to   space 5120K, 0% used [0x00000000d7f80000,0x00000000d7f80000,0x00000000d8480000)
 ParOldGen       total 87552K, used 0K [0x0000000081c00000, 0x0000000087180000, 0x00000000d5f00000)
  object space 87552K, 0% used [0x0000000081c00000,0x0000000081c00000,0x0000000087180000)
 Metaspace       used 8684K, capacity 8954K, committed 9216K, reserved 1056768K
  class space    used 1147K, capacity 1261K, committed 1280K, reserved 1048576K
Event: 1.746 GC heap after
Heap after GC invocations=1 (full 0):
 PSYoungGen      total 38400K, used 4917K [0x00000000d5f00000, 0x00000000d8980000, 0x0000000100000000)
  eden space 33280K, 0% used [0x00000000d5f00000,0x00000000d5f00000,0x00000000d7f80000)
  from space 5120K, 96% used [0x00000000d7f80000,0x00000000d844d7d0,0x00000000d8480000)
  to   space 5120K, 0% used [0x00000000d8480000,0x00000000d8480000,0x00000000d8980000)
 ParOldGen       total 87552K, used 16K [0x0000000081c00000, 0x0000000087180000, 0x00000000d5f00000)
  object space 87552K, 0% used [0x0000000081c00000,0x0000000081c04000,0x0000000087180000)
 Metaspace       used 8684K, capacity 8954K, committed 9216K, reserved 1056768K
  class space    used 1147K, capacity 1261K, committed 1280K, reserved 1048576K
}

Deoptimization events (10 events):
Event: 1.194 Thread 0x0000000002f72800 Uncommon trap: reason=unstable_if action=reinterpret pc=0x0000000003205e80 method=java.util.regex.Matcher.reset()Ljava/util/regex/Matcher; @ 47
Event: 1.194 Thread 0x0000000002f72800 Uncommon trap: reason=class_check action=maybe_recompile pc=0x0000000003209f8c method=java.util.regex.Matcher.match(II)Z @ 86
Event: 1.195 Thread 0x0000000002f72800 Uncommon trap: reason=class_check action=maybe_recompile pc=0x0000000003209f8c method=java.util.regex.Matcher.match(II)Z @ 86
Event: 1.196 Thread 0x0000000002f72800 Uncommon trap: reason=class_check action=maybe_recompile pc=0x0000000003209f8c method=java.util.regex.Matcher.match(II)Z @ 86
Event: 1.196 Thread 0x0000000002f72800 Uncommon trap: reason=class_check action=maybe_recompile pc=0x0000000003209f8c method=java.util.regex.Matcher.match(II)Z @ 86
Event: 1.518 Thread 0x0000000002f72800 Uncommon trap: reason=unstable_if action=reinterpret pc=0x00000000032e3be0 method=java.util.HashMap.hash(Ljava/lang/Object;)I @ 1
Event: 1.722 Thread 0x0000000002f72800 Uncommon trap: reason=unstable_if action=reinterpret pc=0x00000000032d38bc method=java.util.HashMap.getNode(ILjava/lang/Object;)Ljava/util/HashMap$Node; @ 129
Event: 1.722 Thread 0x0000000002f72800 Uncommon trap: reason=bimorphic action=maybe_recompile pc=0x00000000032e8b70 method=java.util.HashMap.putVal(ILjava/lang/Object;Ljava/lang/Object;ZZ)Ljava/lang/Object; @ 203
Event: 4.207 Thread 0x000000001a941800 Uncommon trap: reason=bimorphic action=maybe_recompile pc=0x00000000032e8b70 method=java.util.HashMap.putVal(ILjava/lang/Object;Ljava/lang/Object;ZZ)Ljava/lang/Object; @ 203
Event: 4.207 Thread 0x000000001a941800 Uncommon trap: reason=bimorphic action=maybe_recompile pc=0x00000000032e8b70 method=java.util.HashMap.putVal(ILjava/lang/Object;Ljava/lang/Object;ZZ)Ljava/lang/Object; @ 203

Classes redefined (0 events):
No events

Internal exceptions (10 events):
Event: 1.518 Thread 0x0000000002f72800 Implicit null exception at 0x00000000032e39d5 to 0x00000000032e3bd1
Event: 1.529 Thread 0x0000000002f72800 Exception <a 'java/lang/ArrayIndexOutOfBoundsException'> (0x00000000d7a18600) thrown at [C:\src\AOSP-openjdk-git\hotspot\src\share\vm\runtime\sharedRuntime.cpp, line 605]
Event: 1.529 Thread 0x0000000002f72800 Exception <a 'java/lang/ArrayIndexOutOfBoundsException'> (0x00000000d7a1c900) thrown at [C:\src\AOSP-openjdk-git\hotspot\src\share\vm\runtime\sharedRuntime.cpp, line 605]
Event: 1.539 Thread 0x0000000002f72800 Exception <a 'java/lang/ArrayIndexOutOfBoundsException'> (0x00000000d7a7d990) thrown at [C:\src\AOSP-openjdk-git\hotspot\src\share\vm\runtime\sharedRuntime.cpp, line 605]
Event: 1.539 Thread 0x0000000002f72800 Exception <a 'java/lang/ArrayIndexOutOfBoundsException'> (0x00000000d7a7ea68) thrown at [C:\src\AOSP-openjdk-git\hotspot\src\share\vm\runtime\sharedRuntime.cpp, line 605]
Event: 1.539 Thread 0x0000000002f72800 Exception <a 'java/lang/ArrayIndexOutOfBoundsException'> (0x00000000d7a81eb0) thrown at [C:\src\AOSP-openjdk-git\hotspot\src\share\vm\runtime\sharedRuntime.cpp, line 605]
Event: 1.539 Thread 0x0000000002f72800 Exception <a 'java/lang/ArrayIndexOutOfBoundsException'> (0x00000000d7a83df8) thrown at [C:\src\AOSP-openjdk-git\hotspot\src\share\vm\runtime\sharedRuntime.cpp, line 605]
Event: 1.540 Thread 0x0000000002f72800 Exception <a 'java/lang/ArrayIndexOutOfBoundsException'> (0x00000000d7a86750) thrown at [C:\src\AOSP-openjdk-git\hotspot\src\share\vm\runtime\sharedRuntime.cpp, line 605]
Event: 1.637 Thread 0x0000000002f72800 Exception <a 'java/lang/NoSuchFieldError': method resolution failed> (0x00000000d7c51310) thrown at [C:\src\AOSP-openjdk-git\hotspot\src\share\vm\prims\methodHandles.cpp, line 1167]
Event: 1.639 Thread 0x0000000002f72800 Exception <a 'java/lang/NoSuchFieldError': method resolution failed> (0x00000000d7c5edd0) thrown at [C:\src\AOSP-openjdk-git\hotspot\src\share\vm\prims\methodHandles.cpp, line 1167]

Events (10 events):
Event: 4.239 loading class sun/util/resources/en/CurrencyNames_en_US
Event: 4.239 loading class sun/util/resources/en/CurrencyNames_en_US done
Event: 4.239 loading class java/text/DecimalFormat
Event: 4.240 loading class java/text/DecimalFormat done
Event: 4.241 loading class java/text/FieldPosition
Event: 4.241 loading class java/text/FieldPosition done
Event: 4.241 loading class java/text/DigitList
Event: 4.241 loading class java/text/DigitList done
Event: 4.241 loading class java/math/RoundingMode
Event: 4.241 loading class java/math/RoundingMode done


Dynamic libraries:
0x00007ff6b50d0000 - 0x00007ff6b5101000 	C:\Program Files\Android\Android Studio\jre\bin\java.exe
0x00007ff8fcd60000 - 0x00007ff8fcf41000 	C:\WINDOWS\SYSTEM32\ntdll.dll
0x00007ff8fa1f0000 - 0x00007ff8fa2a1000 	C:\WINDOWS\System32\KERNEL32.DLL
0x00007ff8f9480000 - 0x00007ff8f96f3000 	C:\WINDOWS\System32\KERNELBASE.dll
0x00007ff8fb9d0000 - 0x00007ff8fba71000 	C:\WINDOWS\System32\ADVAPI32.dll
0x00007ff8fbe90000 - 0x00007ff8fbf2e000 	C:\WINDOWS\System32\msvcrt.dll
0x00007ff8fba80000 - 0x00007ff8fbadb000 	C:\WINDOWS\System32\sechost.dll
0x00007ff8fcc00000 - 0x00007ff8fcd24000 	C:\WINDOWS\System32\RPCRT4.dll
0x00007ff8fb700000 - 0x00007ff8fb890000 	C:\WINDOWS\System32\USER32.dll
0x00007ff8f91d0000 - 0x00007ff8f91f0000 	C:\WINDOWS\System32\win32u.dll
0x00007ff8fb990000 - 0x00007ff8fb9b8000 	C:\WINDOWS\System32\GDI32.dll
0x00007ff8f9760000 - 0x00007ff8f98f3000 	C:\WINDOWS\System32\gdi32full.dll
0x00007ff8f93e0000 - 0x00007ff8f947f000 	C:\WINDOWS\System32\msvcp_win.dll
0x00007ff8fa070000 - 0x00007ff8fa168000 	C:\WINDOWS\System32\ucrtbase.dll
0x00007ff8e9db0000 - 0x00007ff8ea019000 	C:\WINDOWS\WinSxS\amd64_microsoft.windows.common-controls_6595b64144ccf1df_6.0.17134.1610_none_d3fd41197c928db6\COMCTL32.dll
0x00007ff8fc6b0000 - 0x00007ff8fc9d0000 	C:\WINDOWS\System32\combase.dll
0x00007ff8fa170000 - 0x00007ff8fa1e9000 	C:\WINDOWS\System32\bcryptPrimitives.dll
0x00007ff8fbf30000 - 0x00007ff8fbf5d000 	C:\WINDOWS\System32\IMM32.DLL
0x0000000072b60000 - 0x0000000072c32000 	C:\Program Files\Android\Android Studio\jre\jre\bin\msvcr100.dll
0x0000000071df0000 - 0x000000007263b000 	C:\Program Files\Android\Android Studio\jre\jre\bin\server\jvm.dll
0x00007ff8fbdb0000 - 0x00007ff8fbdb8000 	C:\WINDOWS\System32\PSAPI.DLL
0x00007ff8f3840000 - 0x00007ff8f3863000 	C:\WINDOWS\SYSTEM32\WINMM.dll
0x00007ff8e3d10000 - 0x00007ff8e3d19000 	C:\WINDOWS\SYSTEM32\WSOCK32.dll
0x00007ff8f3e50000 - 0x00007ff8f3e5a000 	C:\WINDOWS\SYSTEM32\VERSION.dll
0x00007ff8fc640000 - 0x00007ff8fc6ac000 	C:\WINDOWS\System32\WS2_32.dll
0x00007ff8f3810000 - 0x00007ff8f383a000 	C:\WINDOWS\SYSTEM32\WINMMBASE.dll
0x00007ff8f9900000 - 0x00007ff8f9949000 	C:\WINDOWS\System32\cfgmgr32.dll
0x00007ff8e8f70000 - 0x00007ff8e8f7f000 	C:\Program Files\Android\Android Studio\jre\jre\bin\verify.dll
0x00007ff8e8e70000 - 0x00007ff8e8e99000 	C:\Program Files\Android\Android Studio\jre\jre\bin\java.dll
0x00007ff8e8f30000 - 0x00007ff8e8f46000 	C:\Program Files\Android\Android Studio\jre\jre\bin\zip.dll
0x00007ff8fa2b0000 - 0x00007ff8fb6f5000 	C:\WINDOWS\System32\SHELL32.dll
0x00007ff8fbd00000 - 0x00007ff8fbda9000 	C:\WINDOWS\System32\shcore.dll
0x00007ff8f9950000 - 0x00007ff8fa065000 	C:\WINDOWS\System32\windows.storage.dll
0x00007ff8fbc40000 - 0x00007ff8fbc91000 	C:\WINDOWS\System32\shlwapi.dll
0x00007ff8f9100000 - 0x00007ff8f9111000 	C:\WINDOWS\System32\kernel.appcore.dll
0x00007ff8f90e0000 - 0x00007ff8f90ff000 	C:\WINDOWS\System32\profapi.dll
0x00007ff8f9060000 - 0x00007ff8f90ac000 	C:\WINDOWS\System32\powrprof.dll
0x00007ff8f90b0000 - 0x00007ff8f90ba000 	C:\WINDOWS\System32\FLTLIB.DLL
0x00007ff8e8bd0000 - 0x00007ff8e8bea000 	C:\Program Files\Android\Android Studio\jre\jre\bin\net.dll
0x00007ff8f88e0000 - 0x00007ff8f8946000 	C:\WINDOWS\system32\mswsock.dll
0x00007ff8e7ec0000 - 0x00007ff8e7ed3000 	C:\Program Files\Android\Android Studio\jre\jre\bin\nio.dll
0x00007ff8e6be0000 - 0x00007ff8e6c06000 	C:\Users\hp\.gradle\native\30\windows-amd64\native-platform.dll
0x00007ff8e8bc0000 - 0x00007ff8e8bcd000 	C:\Program Files\Android\Android Studio\jre\jre\bin\management.dll
0x00007ff8f8a90000 - 0x00007ff8f8aa7000 	C:\WINDOWS\SYSTEM32\CRYPTSP.dll
0x00007ff8f8490000 - 0x00007ff8f84c3000 	C:\WINDOWS\system32\rsaenh.dll
0x00007ff8f8bc0000 - 0x00007ff8f8be5000 	C:\WINDOWS\SYSTEM32\bcrypt.dll
0x00007ff8f8f60000 - 0x00007ff8f8f88000 	C:\WINDOWS\SYSTEM32\USERENV.dll
0x00007ff8f8ab0000 - 0x00007ff8f8abb000 	C:\WINDOWS\SYSTEM32\CRYPTBASE.dll
0x00007ff8f8630000 - 0x00007ff8f8668000 	C:\WINDOWS\SYSTEM32\IPHLPAPI.DLL
0x00007ff8fb9c0000 - 0x00007ff8fb9c8000 	C:\WINDOWS\System32\NSI.dll
0x00007ff8f3950000 - 0x00007ff8f3966000 	C:\WINDOWS\SYSTEM32\dhcpcsvc6.DLL
0x00007ff8f3930000 - 0x00007ff8f394a000 	C:\WINDOWS\SYSTEM32\dhcpcsvc.DLL

VM Arguments:
jvm_args: -Dorg.gradle.appname=gradlew 
java_command: org.gradle.wrapper.GradleWrapperMain -q -Ptarget-platform=android-x86 -Ptarget=C:\Users\hp\(VSC) App Development\first_app\lib\main.dart -Ptrack-widget-creation=true -Pfilesystem-scheme=org-dartlang-root assembleDebug
java_class_path (initial): C:\Users\hp\(VSC) App Development\first_app\android\\gradle\wrapper\gradle-wrapper.jar
Launcher Type: SUN_STANDARD

Environment Variables:
JAVA_HOME=C:\Program Files\Android\Android Studio\jre
CLASSPATH=C:\Users\hp\(VSC) App Development\first_app\android\\gradle\wrapper\gradle-wrapper.jar
PATH=C:\Program Files (x86)\Common Files\Oracle\Java\javapath;C:\ProgramData\Oracle\Java\javapath;C:\WINDOWS\system32;C:\WINDOWS;C:\WINDOWS\System32\Wbem;C:\WINDOWS\System32\WindowsPowerShell\v1.0\;C:\WINDOWS\System32\OpenSSH\;C:\Users\hp\AppData\Local\Microsoft\WindowsApps;C:\adb;C:\Users\hp\AppData\Local\Programs\Python\Python38-32;C:\Program Files\Java\jdk-14.0.2\bin;C:\Program Files\Java\jdk-14.0.2\bin;C:\Program Files\flutter\bin;C:\Program Files\Git\cmd;C:\Users\hp\AppData\Local\Programs\Python\Python38-32\Scripts\;C:\Users\hp\AppData\Local\Programs\Python\Python38-32\;C:\Users\hp\AppData\Local\Microsoft\WindowsApps;C:\Program Files (x86)\Nmap;C:\Program Files\JetBrains\IntelliJ IDEA Community Edition 2020.2\bin;;C:\Users\hp\AppData\Local\Programs\Microsoft VS Code\bin;C:\Program Files\flutter\bin\mingit\cmd
USERNAME=hp
OS=Windows_NT
PROCESSOR_IDENTIFIER=Intel64 Family 6 Model 78 Stepping 3, GenuineIntel



---------------  S Y S T E M  ---------------

OS: Windows 10.0 , 64 bit Build 17134 (10.0.17134.1425)

CPU:total 4 (initial active 4) (2 cores per cpu, 2 threads per core) family 6 model 78 stepping 3, cmov, cx8, fxsr, mmx, sse, sse2, sse3, ssse3, sse4.1, sse4.2, popcnt, avx, avx2, aes, clmul, erms, 3dnowpref, lzcnt, ht, tsc, tscinvbit, bmi1, bmi2, adx

Memory: 4k page, physical 8268112k(977608k free), swap 8268112k(235760k free)

vm_info: OpenJDK 64-Bit Server VM (25.242-b01) for windows-amd64 JRE (1.8.0_242-release-1644-b01), built by "builder" with MS VC++ 10.0 (VS2010)

time: Sat Sep 12 16:36:26 2020
timezone: India Standard Time
elapsed time: 6 seconds (0d 0h 0m 6s)

