#
# There is insufficient memory for the Java Runtime Environment to continue.
# Native memory allocation (mmap) failed to map 134217728 bytes for Failed to commit area from 0x0000000081c00000 to 0x0000000089c00000 of length 134217728.
# Possible reasons:
#   The system is out of physical RAM or swap space
#   The process is running with CompressedOops enabled, and the Java Heap may be blocking the growth of the native heap
# Possible solutions:
#   Reduce memory load on the system
#   Increase physical memory or swap space
#   Check if swap backing store is full
#   Decrease Java heap size (-Xmx/-Xms)
#   Decrease number of Java threads
#   Decrease Java thread stack sizes (-Xss)
#   Set larger code cache with -XX:ReservedCodeCacheSize=
#   JVM is running with Unscaled Compressed Oops mode in which the Java heap is
#     placed in the first 4GB address space. The Java Heap base address is the
#     maximum limit for the native heap growth. Please use -XX:HeapBaseMinAddress
#     to set the Java Heap base and to place the Java Heap above 4GB virtual address.
# This output file may be truncated or incomplete.
#
#  Out of Memory Error (./open/src/hotspot/os/windows/os_windows.cpp:3315), pid=3324, tid=17980
#
# JRE version:  (14.0.2+12) (build )
# Java VM: Java HotSpot(TM) 64-Bit Server VM (14.0.2+12-46, mixed mode, sharing, tiered, compressed oops, g1 gc, windows-amd64)
# No core dump will be written. Minidumps are not enabled by default on client versions of Windows
#

---------------  S U M M A R Y ------------

Command Line: -Dorg.gradle.appname=gradlew org.gradle.wrapper.GradleWrapperMain -q -Ptarget-platform=android-x86 -Ptarget=C:\Users\hp\(VSC) App Development\first_app\lib\main.dart -Ptrack-widget-creation=true -Pfilesystem-scheme=org-dartlang-root -Pdart-defines=flutter.inspector.structuredErrors%3Dtrue assembleDebug

Host: Intel(R) Core(TM) i3-6006U CPU @ 2.00GHz, 4 cores, 7G,  Windows 10 , 64 bit Build 17134 (10.0.17134.1425)
Time: Sat Sep 12 16:31:44 2020 India Standard Time elapsed time: 0 seconds (0d 0h 0m 0s)

---------------  T H R E A D  ---------------

Current thread (0x00000181c9f0b800):  JavaThread "Unknown thread" [_thread_in_vm, id=17980, stack(0x0000001aa2d00000,0x0000001aa2e00000)]

Stack: [0x0000001aa2d00000,0x0000001aa2e00000]
Native frames: (J=compiled Java code, j=interpreted, Vv=VM code, C=native code)
V  [jvm.dll+0x5f8a9a]
V  [jvm.dll+0x74247a]
V  [jvm.dll+0x743c2f]
V  [jvm.dll+0x744273]
V  [jvm.dll+0x20d288]
V  [jvm.dll+0x5f5dea]
V  [jvm.dll+0x5eac45]
V  [jvm.dll+0x2c7e9c]
V  [jvm.dll+0x2c7cd2]
V  [jvm.dll+0x2cdbbc]
V  [jvm.dll+0x313fe8]
V  [jvm.dll+0x313710]
V  [jvm.dll+0x2a092a]
V  [jvm.dll+0x2a1a79]
V  [jvm.dll+0x71fd48]
V  [jvm.dll+0x321c14]
V  [jvm.dll+0x70112c]
V  [jvm.dll+0x392def]
V  [jvm.dll+0x394e61]
C  [jli.dll+0x524b]
C  [ucrtbase.dll+0x1e3fe]
C  [KERNEL32.DLL+0x14034]
C  [ntdll.dll+0x73691]


---------------  P R O C E S S  ---------------

Threads class SMR info:
_java_thread_list=0x00007ff8a7233038, length=0, elements={
}

Java Threads: ( => current thread )

Other Threads:
  0x00000181c9f4d000 GCTaskThread "GC Thread#0" [stack: 0x0000001aa2e00000,0x0000001aa2f00000] [id=18232]
  0x00000181c9f62000 ConcurrentGCThread "G1 Main Marker" [stack: 0x0000001aa2f00000,0x0000001aa3000000] [id=14204]
  0x00000181c9f64000 ConcurrentGCThread "G1 Conc#0" [stack: 0x0000001aa3000000,0x0000001aa3100000] [id=2792]

[error occurred during error reporting (printing all threads), id 0xc0000005, EXCEPTION_ACCESS_VIOLATION (0xc0000005) at pc=0x00007ff8a6a61257]

VM state:not at safepoint (not fully initialized)

VM Mutex/Monitor currently owned by a thread:  ([mutex/lock_event])
[0x00000181c9f087b0] Heap_lock - owner thread: 0x00000181c9f0b800

Heap address: 0x0000000081c00000, size: 2020 MB, Compressed Oops mode: 32-bit
Narrow klass base: 0x0000000000000000, Narrow klass shift: 0

GC Heap History (0 events):
No events

Deoptimization events (0 events):
No events

Classes unloaded (0 events):
No events

Classes redefined (0 events):
No events

Internal exceptions (0 events):
No events

Events (2 events):
Event: 0.009 Loaded shared library C:\Program Files\Java\jdk-14.0.2\bin\java.dll
Event: 0.009 Loaded shared library C:\Program Files\Java\jdk-14.0.2\bin\zip.dll


Dynamic libraries:
0x00007ff62a080000 - 0x00007ff62a08f000 	C:\Program Files\Java\jdk-14.0.2\bin\java.exe
0x00007ff8fcd60000 - 0x00007ff8fcf41000 	C:\WINDOWS\SYSTEM32\ntdll.dll
0x00007ff8fa1f0000 - 0x00007ff8fa2a1000 	C:\WINDOWS\System32\KERNEL32.DLL
0x00007ff8f9480000 - 0x00007ff8f96f3000 	C:\WINDOWS\System32\KERNELBASE.dll
0x00007ff8fa070000 - 0x00007ff8fa168000 	C:\WINDOWS\System32\ucrtbase.dll
0x00007ff8e7de0000 - 0x00007ff8e7df8000 	C:\Program Files\Java\jdk-14.0.2\bin\jli.dll
0x00007ff8e4f90000 - 0x00007ff8e4fa5000 	C:\Program Files\Java\jdk-14.0.2\bin\VCRUNTIME140.dll
0x00007ff8fb9d0000 - 0x00007ff8fba71000 	C:\WINDOWS\System32\ADVAPI32.dll
0x00007ff8fbe90000 - 0x00007ff8fbf2e000 	C:\WINDOWS\System32\msvcrt.dll
0x00007ff8fba80000 - 0x00007ff8fbadb000 	C:\WINDOWS\System32\sechost.dll
0x00007ff8fcc00000 - 0x00007ff8fcd24000 	C:\WINDOWS\System32\RPCRT4.dll
0x00007ff8fb700000 - 0x00007ff8fb890000 	C:\WINDOWS\System32\USER32.dll
0x00007ff8e9db0000 - 0x00007ff8ea019000 	C:\WINDOWS\WinSxS\amd64_microsoft.windows.common-controls_6595b64144ccf1df_6.0.17134.1610_none_d3fd41197c928db6\COMCTL32.dll
0x00007ff8f91d0000 - 0x00007ff8f91f0000 	C:\WINDOWS\System32\win32u.dll
0x00007ff8fb990000 - 0x00007ff8fb9b8000 	C:\WINDOWS\System32\GDI32.dll
0x00007ff8f9760000 - 0x00007ff8f98f3000 	C:\WINDOWS\System32\gdi32full.dll
0x00007ff8fc6b0000 - 0x00007ff8fc9d0000 	C:\WINDOWS\System32\combase.dll
0x00007ff8f93e0000 - 0x00007ff8f947f000 	C:\WINDOWS\System32\msvcp_win.dll
0x00007ff8fa170000 - 0x00007ff8fa1e9000 	C:\WINDOWS\System32\bcryptPrimitives.dll
0x00007ff8f3e50000 - 0x00007ff8f3e5a000 	C:\WINDOWS\SYSTEM32\VERSION.dll
0x00007ff8fbf30000 - 0x00007ff8fbf5d000 	C:\WINDOWS\System32\IMM32.DLL
0x00007ff8cfb90000 - 0x00007ff8cfc2b000 	C:\Program Files\Java\jdk-14.0.2\bin\msvcp140.dll
0x00007ff8a67b0000 - 0x00007ff8a72ce000 	C:\Program Files\Java\jdk-14.0.2\bin\server\jvm.dll
0x00007ff8fbdb0000 - 0x00007ff8fbdb8000 	C:\WINDOWS\System32\PSAPI.DLL
0x00007ff8e3d10000 - 0x00007ff8e3d19000 	C:\WINDOWS\SYSTEM32\WSOCK32.dll
0x00007ff8f3840000 - 0x00007ff8f3863000 	C:\WINDOWS\SYSTEM32\WINMM.dll
0x00007ff8fc640000 - 0x00007ff8fc6ac000 	C:\WINDOWS\System32\WS2_32.dll
0x00007ff8f3810000 - 0x00007ff8f383a000 	C:\WINDOWS\SYSTEM32\WINMMBASE.dll
0x00007ff8f9900000 - 0x00007ff8f9949000 	C:\WINDOWS\System32\cfgmgr32.dll
0x00007ff8f9100000 - 0x00007ff8f9111000 	C:\WINDOWS\System32\kernel.appcore.dll
0x00007ff8f5480000 - 0x00007ff8f548a000 	C:\Program Files\Java\jdk-14.0.2\bin\jimage.dll
0x00007ff8f7a80000 - 0x00007ff8f7c49000 	C:\WINDOWS\SYSTEM32\DBGHELP.DLL
0x00007ff8e3be0000 - 0x00007ff8e3c09000 	C:\WINDOWS\SYSTEM32\dbgcore.DLL
0x00007ff8d7900000 - 0x00007ff8d7925000 	C:\Program Files\Java\jdk-14.0.2\bin\java.dll
0x00007ff8dfbe0000 - 0x00007ff8dfbf6000 	C:\Program Files\Java\jdk-14.0.2\bin\zip.dll

dbghelp: loaded successfully - version: 4.0.5 - missing functions: none
symbol engine: initialized successfully - sym options: 0x614 - pdb path: .;C:\Program Files\Java\jdk-14.0.2\bin;C:\WINDOWS\SYSTEM32;C:\WINDOWS\WinSxS\amd64_microsoft.windows.common-controls_6595b64144ccf1df_6.0.17134.1610_none_d3fd41197c928db6;C:\Program Files\Java\jdk-14.0.2\bin\server

VM Arguments:
jvm_args: -Dorg.gradle.appname=gradlew 
java_command: org.gradle.wrapper.GradleWrapperMain -q -Ptarget-platform=android-x86 -Ptarget=C:\Users\hp\(VSC) App Development\first_app\lib\main.dart -Ptrack-widget-creation=true -Pfilesystem-scheme=org-dartlang-root -Pdart-defines=flutter.inspector.structuredErrors%3Dtrue assembleDebug
java_class_path (initial): C:\Users\hp\(VSC) App Development\first_app\android\\gradle\wrapper\gradle-wrapper.jar
Launcher Type: SUN_STANDARD

[Global flags]
     intx CICompilerCount                          = 3                                         {product} {ergonomic}
     uint ConcGCThreads                            = 1                                         {product} {ergonomic}
     uint G1ConcRefinementThreads                  = 4                                         {product} {ergonomic}
   size_t G1HeapRegionSize                         = 1048576                                   {product} {ergonomic}
    uintx GCDrainStackTargetSize                   = 64                                        {product} {ergonomic}
   size_t InitialHeapSize                          = 134217728                                 {product} {ergonomic}
   size_t MarkStackSize                            = 4194304                                   {product} {ergonomic}
   size_t MaxHeapSize                              = 2118123520                                {product} {ergonomic}
   size_t MinHeapDeltaBytes                        = 1048576                                   {product} {ergonomic}
   size_t MinHeapSize                              = 8388608                                   {product} {ergonomic}
    uintx NonNMethodCodeHeapSize                   = 5832780                                {pd product} {ergonomic}
    uintx NonProfiledCodeHeapSize                  = 122912730                              {pd product} {ergonomic}
    uintx ProfiledCodeHeapSize                     = 122912730                              {pd product} {ergonomic}
    uintx ReservedCodeCacheSize                    = 251658240                              {pd product} {ergonomic}
     bool SegmentedCodeCache                       = true                                      {product} {ergonomic}
   size_t SoftMaxHeapSize                          = 2118123520                             {manageable} {ergonomic}
     bool UseCompressedClassPointers               = true                                 {lp64_product} {ergonomic}
     bool UseCompressedOops                        = true                                 {lp64_product} {ergonomic}
     bool UseG1GC                                  = true                                      {product} {ergonomic}
     bool UseLargePagesIndividualAllocation        = false                                  {pd product} {ergonomic}

Logging:
Log output configuration:
 #0: stdout all=warning uptime,level,tags
 #1: stderr all=off uptime,level,tags

Environment Variables:
JAVA_HOME=C:\Program Files\Java\jdk-14.0.2
CLASSPATH=C:\Users\hp\(VSC) App Development\first_app\android\\gradle\wrapper\gradle-wrapper.jar
PATH=C:\Program Files (x86)\Common Files\Oracle\Java\javapath;C:\ProgramData\Oracle\Java\javapath;C:\WINDOWS\system32;C:\WINDOWS;C:\WINDOWS\System32\Wbem;C:\WINDOWS\System32\WindowsPowerShell\v1.0\;C:\WINDOWS\System32\OpenSSH\;C:\Users\hp\AppData\Local\Microsoft\WindowsApps;C:\adb;C:\Users\hp\AppData\Local\Programs\Python\Python38-32;C:\Program Files\Java\jdk-14.0.2\bin;C:\Program Files\Java\jdk-14.0.2\bin;C:\Program Files\flutter\bin;C:\Program Files\Git\cmd;C:\Users\hp\AppData\Local\Programs\Python\Python38-32\Scripts\;C:\Users\hp\AppData\Local\Programs\Python\Python38-32\;C:\Users\hp\AppData\Local\Microsoft\WindowsApps;C:\Program Files (x86)\Nmap;C:\Program Files\JetBrains\IntelliJ IDEA Community Edition 2020.2\bin;;C:\Users\hp\AppData\Local\Programs\Microsoft VS Code\bin;C:\Program Files\flutter\bin\mingit\cmd
USERNAME=hp
OS=Windows_NT
PROCESSOR_IDENTIFIER=Intel64 Family 6 Model 78 Stepping 3, GenuineIntel



---------------  S Y S T E M  ---------------

OS: Windows 10 , 64 bit Build 17134 (10.0.17134.1425)
OS uptime: 1 days 13:29 hours

CPU:total 4 (initial active 4) (2 cores per cpu, 2 threads per core) family 6 model 78 stepping 3, cmov, cx8, fxsr, mmx, sse, sse2, sse3, ssse3, sse4.1, sse4.2, popcnt, avx, avx2, aes, clmul, erms, 3dnowpref, lzcnt, ht, tsc, tscinvbit, bmi1, bmi2, adx, fma

Memory: 4k page, system-wide physical 8074M (747M free)
TotalPageFile size 8074M (AvailPageFile size 149M)
current process WorkingSet (physical memory assigned to process): 10M, peak: 10M
current process commit charge ("private bytes"): 52M, peak: 180M

vm_info: Java HotSpot(TM) 64-Bit Server VM (14.0.2+12-46) for windows-amd64 JRE (14.0.2+12-46), built on Jul  9 2020 00:35:52 by "mach5one" with MS VC++ 15.9 (VS2017)

END.
