#
# There is insufficient memory for the Java Runtime Environment to continue.
# Native memory allocation (malloc) failed to allocate 205536 bytes for Chunk::new
# Possible reasons:
#   The system is out of physical RAM or swap space
#   The process is running with CompressedOops enabled, and the Java Heap may be blocking the growth of the native heap
# Possible solutions:
#   Reduce memory load on the system
#   Increase physical memory or swap space
#   Check if swap backing store is full
#   Decrease Java heap size (-Xmx/-Xms)
#   Decrease number of Java threads
#   Decrease Java thread stack sizes (-Xss)
#   Set larger code cache with -XX:ReservedCodeCacheSize=
#   JVM is running with Unscaled Compressed Oops mode in which the Java heap is
#     placed in the first 4GB address space. The Java Heap base address is the
#     maximum limit for the native heap growth. Please use -XX:HeapBaseMinAddress
#     to set the Java Heap base and to place the Java Heap above 4GB virtual address.
# This output file may be truncated or incomplete.
#
#  Out of Memory Error (allocation.cpp:389), pid=1604, tid=0x0000000000001210
#
# JRE version: OpenJDK Runtime Environment (8.0_242-b01) (build 1.8.0_242-release-1644-b01)
# Java VM: OpenJDK 64-Bit Server VM (25.242-b01 mixed mode windows-amd64 compressed oops)
# Failed to write core dump. Minidumps are not enabled by default on client versions of Windows
#

---------------  T H R E A D  ---------------

Current thread (0x0000000017fa1000):  JavaThread "C2 CompilerThread1" daemon [_thread_in_native, id=4624, stack(0x00000000196d0000,0x00000000197d0000)]

Stack: [0x00000000196d0000,0x00000000197d0000]
[error occurred during error reporting (printing stack bounds), id 0xc0000005]

Native frames: (J=compiled Java code, j=interpreted, Vv=VM code, C=native code)


Current CompileTask:
C2:  17808  395  s!   4       sun.misc.URLClassPath::getLoader (243 bytes)


---------------  P R O C E S S  ---------------

Java Threads: ( => current thread )
  0x0000000019908800 JavaThread "Service Thread" daemon [_thread_blocked, id=2852, stack(0x0000000019cd0000,0x0000000019dd0000)]
  0x0000000017fac000 JavaThread "C1 CompilerThread2" daemon [_thread_blocked, id=7116, stack(0x00000000197d0000,0x00000000198d0000)]
=>0x0000000017fa1000 JavaThread "C2 CompilerThread1" daemon [_thread_in_native, id=4624, stack(0x00000000196d0000,0x00000000197d0000)]
  0x0000000017f9c800 JavaThread "C2 CompilerThread0" daemon [_thread_in_native, id=7504, stack(0x00000000195d0000,0x00000000196d0000)]
  0x0000000017f99800 JavaThread "Attach Listener" daemon [_thread_blocked, id=1592, stack(0x00000000194d0000,0x00000000195d0000)]
  0x0000000017f98000 JavaThread "Signal Dispatcher" daemon [_thread_blocked, id=9568, stack(0x00000000193d0000,0x00000000194d0000)]
  0x000000000345a000 JavaThread "Finalizer" daemon [_thread_blocked, id=2112, stack(0x00000000191e0000,0x00000000192e0000)]
  0x0000000003456800 JavaThread "Reference Handler" daemon [_thread_blocked, id=8220, stack(0x00000000190e0000,0x00000000191e0000)]
  0x0000000003363000 JavaThread "main" [_thread_in_native, id=10004, stack(0x0000000003260000,0x0000000003360000)]

Other Threads:
  0x0000000017f55800 VMThread [stack: 0x0000000018fe0000,0x00000000190e0000] [id=10952]
  0x0000000019911000 WatcherThread [stack: 0x0000000019dd0000,0x0000000019ed0000] [id=6492]

VM state:not at safepoint (normal execution)

VM Mutex/Monitor currently owned by a thread: None

heap address: 0x0000000081c00000, size: 2020 MB, Compressed Oops mode: 32-bit
Narrow klass base: 0x0000000000000000, Narrow klass shift: 3
Compressed class space size: 1073741824 Address: 0x0000000100000000

Heap:
 PSYoungGen      total 38400K, used 14011K [0x00000000d5f00000, 0x00000000d8980000, 0x0000000100000000)
  eden space 33280K, 42% used [0x00000000d5f00000,0x00000000d6caed88,0x00000000d7f80000)
  from space 5120K, 0% used [0x00000000d8480000,0x00000000d8480000,0x00000000d8980000)
  to   space 5120K, 0% used [0x00000000d7f80000,0x00000000d7f80000,0x00000000d8480000)
 ParOldGen       total 87552K, used 0K [0x0000000081c00000, 0x0000000087180000, 0x00000000d5f00000)
  object space 87552K, 0% used [0x0000000081c00000,0x0000000081c00000,0x0000000087180000)
 Metaspace       used 5131K, capacity 5424K, committed 5504K, reserved 1056768K
  class space    used 597K, capacity 640K, committed 640K, reserved 1048576K

Card table byte_map: [0x0000000012820000,0x0000000012c20000] byte_map_base: 0x0000000012412000

Marking Bits: (ParMarkBitMap*) 0x000000006ad7f030
 Begin Bits: [0x00000000132d0000, 0x0000000015260000)
 End Bits:   [0x0000000015260000, 0x00000000171f0000)

Polling page: 0x0000000003150000

CodeCache: size=245760Kb used=2003Kb max_used=2003Kb free=243756Kb
 bounds [0x0000000003460000, 0x00000000036d0000, 0x0000000012460000]
 total_blobs=670 nmethods=394 adapters=190
 compilation: enabled

Compilation events (10 events):
Event: 17.455 Thread 0x0000000017fac000  391       3       java.io.DataOutputStream::writeShort (35 bytes)
Event: 17.455 Thread 0x0000000017fac000 nmethod 391 0x0000000003652310 code [0x00000000036524a0, 0x0000000003652858]
Event: 17.483 Thread 0x0000000017fac000  392       1       java.lang.Class::getClassLoader0 (5 bytes)
Event: 17.483 Thread 0x0000000017fac000 nmethod 392 0x0000000003652050 code [0x00000000036521a0, 0x00000000036522b0]
Event: 17.487 Thread 0x0000000017fac000  393       3       java.util.zip.ZipEntry::<init> (146 bytes)
Event: 17.488 Thread 0x0000000017fac000 nmethod 393 0x0000000003655090 code [0x0000000003655220, 0x0000000003655648]
Event: 17.555 Thread 0x0000000017fac000  394       3       java.lang.ClassNotFoundException::<init> (7 bytes)
Event: 17.556 Thread 0x0000000017fac000 nmethod 394 0x00000000036557d0 code [0x0000000003655940, 0x0000000003655b88]
Event: 17.676 Thread 0x0000000017fa1000  395  s!   4       sun.misc.URLClassPath::getLoader (243 bytes)
Event: 17.676 Thread 0x0000000017f9c800  396  s    4       sun.misc.URLClassPath::getNextLoader (88 bytes)

GC Heap History (0 events):
No events

Deoptimization events (0 events):
No events

Classes redefined (0 events):
No events

Internal exceptions (8 events):
Event: 0.041 Thread 0x0000000003363000 Exception <a 'java/lang/NoSuchMethodError': Method sun.misc.Unsafe.defineClass(Ljava/lang/String;[BII)Ljava/lang/Class; name or signature does not match> (0x00000000d5f07cc8) thrown at [C:\src\AOSP-openjdk-git\hotspot\src\share\vm\prims\jni.cpp, line 4013
Event: 0.041 Thread 0x0000000003363000 Exception <a 'java/lang/NoSuchMethodError': Method sun.misc.Unsafe.prefetchRead(Ljava/lang/Object;J)V name or signature does not match> (0x00000000d5f07fb0) thrown at [C:\src\AOSP-openjdk-git\hotspot\src\share\vm\prims\jni.cpp, line 4013]
Event: 4.992 Thread 0x0000000003363000 Exception <a 'java/security/PrivilegedActionException'> (0x00000000d60bf678) thrown at [C:\src\AOSP-openjdk-git\hotspot\src\share\vm\prims\jvm.cpp, line 1502]
Event: 4.992 Thread 0x0000000003363000 Exception <a 'java/security/PrivilegedActionException'> (0x00000000d60bf888) thrown at [C:\src\AOSP-openjdk-git\hotspot\src\share\vm\prims\jvm.cpp, line 1502]
Event: 4.993 Thread 0x0000000003363000 Exception <a 'java/security/PrivilegedActionException'> (0x00000000d60c3490) thrown at [C:\src\AOSP-openjdk-git\hotspot\src\share\vm\prims\jvm.cpp, line 1502]
Event: 4.993 Thread 0x0000000003363000 Exception <a 'java/security/PrivilegedActionException'> (0x00000000d60c36a0) thrown at [C:\src\AOSP-openjdk-git\hotspot\src\share\vm\prims\jvm.cpp, line 1502]
Event: 4.993 Thread 0x0000000003363000 Exception <a 'java/security/PrivilegedActionException'> (0x00000000d60c4bd8) thrown at [C:\src\AOSP-openjdk-git\hotspot\src\share\vm\prims\jvm.cpp, line 1502]
Event: 4.993 Thread 0x0000000003363000 Exception <a 'java/security/PrivilegedActionException'> (0x00000000d60c4de8) thrown at [C:\src\AOSP-openjdk-git\hotspot\src\share\vm\prims\jvm.cpp, line 1502]

Events (10 events):
Event: 17.675 loading class org/gradle/internal/logging/services/DefaultLoggingManagerFactory done
Event: 17.676 loading class org/gradle/internal/logging/sink/OutputEventListenerManager
Event: 17.676 loading class org/gradle/internal/logging/sink/OutputEventListenerManager done
Event: 17.677 loading class java/util/LinkedList$ListItr
Event: 17.699 loading class java/util/LinkedList$ListItr done
Event: 17.700 loading class org/gradle/internal/service/ReflectionBasedServiceMethod
Event: 17.700 loading class org/gradle/internal/service/ReflectionBasedServiceMethod done
Event: 17.700 loading class org/gradle/internal/service/AbstractServiceMethod
Event: 17.700 loading class org/gradle/internal/service/AbstractServiceMethod done
Event: 17.701 loading class sun/reflect/generics/scope/MethodScope


Dynamic libraries:
0x00007ff75ea60000 - 0x00007ff75ea91000 	C:\Program Files\Android\Android Studio\jre\bin\java.exe
0x00007ff8a8c90000 - 0x00007ff8a8e71000 	C:\WINDOWS\SYSTEM32\ntdll.dll
0x00007ff8a6100000 - 0x00007ff8a61b1000 	C:\WINDOWS\System32\KERNEL32.DLL
0x00007ff8a5030000 - 0x00007ff8a52a3000 	C:\WINDOWS\System32\KERNELBASE.dll
0x00007ff8a7f70000 - 0x00007ff8a8011000 	C:\WINDOWS\System32\ADVAPI32.dll
0x00007ff8a85e0000 - 0x00007ff8a867e000 	C:\WINDOWS\System32\msvcrt.dll
0x00007ff8a7f10000 - 0x00007ff8a7f6b000 	C:\WINDOWS\System32\sechost.dll
0x00007ff8a6790000 - 0x00007ff8a68b4000 	C:\WINDOWS\System32\RPCRT4.dll
0x00007ff8a63f0000 - 0x00007ff8a6581000 	C:\WINDOWS\System32\USER32.dll
0x00007ff8a60e0000 - 0x00007ff8a6100000 	C:\WINDOWS\System32\win32u.dll
0x00007ff8a6690000 - 0x00007ff8a66b8000 	C:\WINDOWS\System32\GDI32.dll
0x00007ff8a5490000 - 0x00007ff8a5623000 	C:\WINDOWS\System32\gdi32full.dll
0x00007ff8a5630000 - 0x00007ff8a56cf000 	C:\WINDOWS\System32\msvcp_win.dll
0x00007ff8a58c0000 - 0x00007ff8a59b8000 	C:\WINDOWS\System32\ucrtbase.dll
0x00007ff894740000 - 0x00007ff8949a9000 	C:\WINDOWS\WinSxS\amd64_microsoft.windows.common-controls_6595b64144ccf1df_6.0.17134.1726_none_d3fdb88f7c924124\COMCTL32.dll
0x00007ff8a8930000 - 0x00007ff8a8c51000 	C:\WINDOWS\System32\combase.dll
0x00007ff8a52b0000 - 0x00007ff8a5329000 	C:\WINDOWS\System32\bcryptPrimitives.dll
0x00007ff8a8700000 - 0x00007ff8a872d000 	C:\WINDOWS\System32\IMM32.DLL
0x000000006c020000 - 0x000000006c0f2000 	C:\Program Files\Android\Android Studio\jre\jre\bin\msvcr100.dll
0x000000006a5b0000 - 0x000000006adfb000 	C:\Program Files\Android\Android Studio\jre\jre\bin\server\jvm.dll
0x00007ff8a7f00000 - 0x00007ff8a7f08000 	C:\WINDOWS\System32\PSAPI.DLL
0x00007ff89f700000 - 0x00007ff89f723000 	C:\WINDOWS\SYSTEM32\WINMM.dll
0x00007ff8a0370000 - 0x00007ff8a037a000 	C:\WINDOWS\SYSTEM32\VERSION.dll
0x00007ff897970000 - 0x00007ff897979000 	C:\WINDOWS\SYSTEM32\WSOCK32.dll
0x00007ff8a8020000 - 0x00007ff8a808c000 	C:\WINDOWS\System32\WS2_32.dll
0x00007ff89f6d0000 - 0x00007ff89f6fa000 	C:\WINDOWS\SYSTEM32\WINMMBASE.dll
0x00007ff8a5330000 - 0x00007ff8a5379000 	C:\WINDOWS\System32\cfgmgr32.dll
0x00007ff8a0ea0000 - 0x00007ff8a0eaf000 	C:\Program Files\Android\Android Studio\jre\jre\bin\verify.dll
0x00007ff8990e0000 - 0x00007ff899109000 	C:\Program Files\Android\Android Studio\jre\jre\bin\java.dll
0x00007ff8992c0000 - 0x00007ff8992d6000 	C:\Program Files\Android\Android Studio\jre\jre\bin\zip.dll
0x00007ff8a68d0000 - 0x00007ff8a7d15000 	C:\WINDOWS\System32\SHELL32.dll
0x00007ff8a66e0000 - 0x00007ff8a6789000 	C:\WINDOWS\System32\shcore.dll
0x00007ff8a59c0000 - 0x00007ff8a60d5000 	C:\WINDOWS\System32\windows.storage.dll
0x00007ff8a88d0000 - 0x00007ff8a8921000 	C:\WINDOWS\System32\shlwapi.dll
0x00007ff8a4ff0000 - 0x00007ff8a5001000 	C:\WINDOWS\System32\kernel.appcore.dll
0x00007ff8a5010000 - 0x00007ff8a502f000 	C:\WINDOWS\System32\profapi.dll
0x00007ff8a4fa0000 - 0x00007ff8a4fec000 	C:\WINDOWS\System32\powrprof.dll
0x00007ff8a4f90000 - 0x00007ff8a4f9a000 	C:\WINDOWS\System32\FLTLIB.DLL
0x00007ff88fd40000 - 0x00007ff88fd5a000 	C:\Program Files\Android\Android Studio\jre\jre\bin\net.dll
0x00007ff8a47f0000 - 0x00007ff8a4856000 	C:\WINDOWS\system32\mswsock.dll
0x00007ff88fad0000 - 0x00007ff88fae3000 	C:\Program Files\Android\Android Studio\jre\jre\bin\nio.dll

VM Arguments:
jvm_args: -Dorg.gradle.appname=gradlew 
java_command: org.gradle.wrapper.GradleWrapperMain -q -Ptarget-platform=android-x86 -Ptarget=C:\Users\hp\(VSC) App Development\first_app\lib\main.dart -Ptrack-widget-creation=true -Pfilesystem-scheme=org-dartlang-root -Pdart-defines=flutter.inspector.structuredErrors%3Dtrue assembleDebug
java_class_path (initial): C:\Users\hp\(VSC) App Development\first_app\android\\gradle\wrapper\gradle-wrapper.jar
Launcher Type: SUN_STANDARD

Environment Variables:
JAVA_HOME=C:\Program Files\Android\Android Studio\jre
CLASSPATH=C:\Users\hp\(VSC) App Development\first_app\android\\gradle\wrapper\gradle-wrapper.jar
PATH=C:\Program Files (x86)\Common Files\Oracle\Java\javapath;C:\ProgramData\Oracle\Java\javapath;C:\WINDOWS\system32;C:\WINDOWS;C:\WINDOWS\System32\Wbem;C:\WINDOWS\System32\WindowsPowerShell\v1.0\;C:\WINDOWS\System32\OpenSSH\;C:\Users\hp\AppData\Local\Microsoft\WindowsApps;C:\adb;C:\Users\hp\AppData\Local\Programs\Python\Python38-32;C:\Program Files\Java\jdk-14.0.2\bin;C:\Program Files\Java\jdk-14.0.2\bin;C:\Program Files\flutter\bin;C:\Program Files\Git\cmd;C:\Program Files\nodejs\;C:\Users\hp\AppData\Local\Programs\Python\Python38-32\Scripts\;C:\Users\hp\AppData\Local\Programs\Python\Python38-32\;C:\Users\hp\AppData\Local\Microsoft\WindowsApps;C:\Program Files (x86)\Nmap;C:\Program Files\JetBrains\IntelliJ IDEA Community Edition 2020.2\bin;;C:\Users\hp\AppData\Local\Programs\Microsoft VS Code\bin;C:\Users\hp\AppData\Roaming\npm;C:\Program Files\flutter\bin\mingit\cmd
USERNAME=hp
OS=Windows_NT
PROCESSOR_IDENTIFIER=Intel64 Family 6 Model 78 Stepping 3, GenuineIntel



---------------  S Y S T E M  ---------------

OS: Windows 10.0 , 64 bit Build 17134 (10.0.17134.1425)

CPU:total 4 (initial active 4) (2 cores per cpu, 2 threads per core) family 6 model 78 stepping 3, cmov, cx8, fxsr, mmx, sse, sse2, sse3, ssse3, sse4.1, sse4.2, popcnt, avx, avx2, aes, clmul, erms, 3dnowpref, lzcnt, ht, tsc, tscinvbit, bmi1, bmi2, adx

Memory: 4k page, physical 8268112k(524272k free), swap 8268112k(166676k free)

vm_info: OpenJDK 64-Bit Server VM (25.242-b01) for windows-amd64 JRE (1.8.0_242-release-1644-b01), built by "builder" with MS VC++ 10.0 (VS2010)

time: Thu Sep 24 09:41:08 2020
timezone: India Standard Time
elapsed time: 18 seconds (0d 0h 0m 18s)

