#
# There is insufficient memory for the Java Runtime Environment to continue.
# Native memory allocation (malloc) failed to allocate 1358816 bytes for Chunk::new
# Possible reasons:
#   The system is out of physical RAM or swap space
#   The process is running with CompressedOops enabled, and the Java Heap may be blocking the growth of the native heap
# Possible solutions:
#   Reduce memory load on the system
#   Increase physical memory or swap space
#   Check if swap backing store is full
#   Decrease Java heap size (-Xmx/-Xms)
#   Decrease number of Java threads
#   Decrease Java thread stack sizes (-Xss)
#   Set larger code cache with -XX:ReservedCodeCacheSize=
#   JVM is running with Unscaled Compressed Oops mode in which the Java heap is
#     placed in the first 4GB address space. The Java Heap base address is the
#     maximum limit for the native heap growth. Please use -XX:HeapBaseMinAddress
#     to set the Java Heap base and to place the Java Heap above 4GB virtual address.
# This output file may be truncated or incomplete.
#
#  Out of Memory Error (allocation.cpp:389), pid=12800, tid=0x000000000000382c
#
# JRE version: OpenJDK Runtime Environment (8.0_242-b01) (build 1.8.0_242-release-1644-b01)
# Java VM: OpenJDK 64-Bit Server VM (25.242-b01 mixed mode windows-amd64 compressed oops)
# Failed to write core dump. Minidumps are not enabled by default on client versions of Windows
#

---------------  T H R E A D  ---------------

Current thread (0x0000000016b9e000):  JavaThread "C2 CompilerThread1" daemon [_thread_in_native, id=14380, stack(0x00000000182d0000,0x00000000183d0000)]

Stack: [0x00000000182d0000,0x00000000183d0000]
[error occurred during error reporting (printing stack bounds), id 0xc0000005]

Native frames: (J=compiled Java code, j=interpreted, Vv=VM code, C=native code)


Current CompileTask:
C2:  21317 2118       4       groovy.lang.MetaClassImpl$1MOPIter::methodNameAction (325 bytes)


---------------  P R O C E S S  ---------------

Java Threads: ( => current thread )
  0x0000000019b33800 JavaThread "Cache worker for file hash cache (C:\Users\hp\(VSC) App Development\first_app\android\.gradle\5.6.2\fileHashes)" [_thread_blocked, id=12764, stack(0x000000001ea90000,0x000000001eb90000)]
  0x0000000019b30800 JavaThread "Cache worker for journal cache (C:\Users\hp\.gradle\caches\journal-1)" [_thread_blocked, id=6524, stack(0x000000001c7f0000,0x000000001c8f0000)]
  0x0000000019b36000 JavaThread "File lock request listener" [_thread_in_native, id=7716, stack(0x000000001c5f0000,0x000000001c6f0000)]
  0x0000000019b36800 JavaThread "Cache worker for file hash cache (C:\Users\hp\.gradle\caches\5.6.2\fileHashes)" [_thread_blocked, id=3696, stack(0x000000001c4f0000,0x000000001c5f0000)]
  0x00000000190b6800 JavaThread "Thread-9" [_thread_blocked, id=15972, stack(0x000000001c3f0000,0x000000001c4f0000)]
  0x00000000192a1000 JavaThread "Stdin handler" [_thread_blocked, id=3960, stack(0x000000001c2f0000,0x000000001c3f0000)]
  0x00000000192a0000 JavaThread "Asynchronous log dispatcher for DefaultDaemonConnection: socket connection from /127.0.0.1:14866 to /127.0.0.1:14867" [_thread_blocked, id=11816, stack(0x000000001c1f0000,0x000000001c2f0000)]
  0x000000001864e000 JavaThread "Daemon worker" [_thread_in_Java, id=12660, stack(0x000000001c0f0000,0x000000001c1f0000)]
  0x000000001864d800 JavaThread "Cancel handler" [_thread_blocked, id=8688, stack(0x000000001bff0000,0x000000001c0f0000)]
  0x000000001864a800 JavaThread "Handler for socket connection from /127.0.0.1:14866 to /127.0.0.1:14867" [_thread_in_native, id=7216, stack(0x000000001bcf0000,0x000000001bdf0000)]
  0x0000000018649800 JavaThread "Daemon" [_thread_blocked, id=9692, stack(0x000000001bbf0000,0x000000001bcf0000)]
  0x000000001864c800 JavaThread "Daemon periodic checks" [_thread_blocked, id=12644, stack(0x000000001baf0000,0x000000001bbf0000)]
  0x00000000199d9800 JavaThread "Incoming local TCP Connector on port 14866" [_thread_in_native, id=13920, stack(0x000000001b8b0000,0x000000001b9b0000)]
  0x0000000018793000 JavaThread "Daemon health stats" [_thread_blocked, id=11780, stack(0x000000001b270000,0x000000001b370000)]
  0x0000000018401800 JavaThread "Service Thread" daemon [_thread_blocked, id=11676, stack(0x00000000188d0000,0x00000000189d0000)]
  0x00000000183e0800 JavaThread "C1 CompilerThread2" daemon [_thread_blocked, id=7200, stack(0x00000000187d0000,0x00000000188d0000)]
=>0x0000000016b9e000 JavaThread "C2 CompilerThread1" daemon [_thread_in_native, id=14380, stack(0x00000000182d0000,0x00000000183d0000)]
  0x0000000016b9b000 JavaThread "C2 CompilerThread0" daemon [_thread_in_native, id=14096, stack(0x00000000181d0000,0x00000000182d0000)]
  0x0000000016b97800 JavaThread "Attach Listener" daemon [_thread_blocked, id=3896, stack(0x00000000180d0000,0x00000000181d0000)]
  0x0000000016b96000 JavaThread "Signal Dispatcher" daemon [_thread_blocked, id=760, stack(0x0000000017fd0000,0x00000000180d0000)]
  0x0000000003218800 JavaThread "Finalizer" daemon [_thread_blocked, id=15208, stack(0x0000000017de0000,0x0000000017ee0000)]
  0x0000000016b79000 JavaThread "Reference Handler" daemon [_thread_blocked, id=15940, stack(0x0000000017ce0000,0x0000000017de0000)]
  0x0000000002f9e800 JavaThread "main" [_thread_blocked, id=15200, stack(0x0000000003020000,0x0000000003120000)]

Other Threads:
  0x0000000016b57800 VMThread [stack: 0x0000000017be0000,0x0000000017ce0000] [id=232]
  0x0000000018404800 WatcherThread [stack: 0x00000000189d0000,0x0000000018ad0000] [id=13284]

VM state:not at safepoint (normal execution)

VM Mutex/Monitor currently owned by a thread: None

heap address: 0x00000000a0000000, size: 1536 MB, Compressed Oops mode: 32-bit
Narrow klass base: 0x0000000000000000, Narrow klass shift: 3
Compressed class space size: 1073741824 Address: 0x0000000100000000

Heap:
 PSYoungGen      total 75776K, used 45664K [0x00000000e0000000, 0x00000000e5700000, 0x0000000100000000)
  eden space 65536K, 69% used [0x00000000e0000000,0x00000000e2c98180,0x00000000e4000000)
  from space 10240K, 0% used [0x00000000e4b00000,0x00000000e4b00000,0x00000000e5500000)
  to   space 11264K, 0% used [0x00000000e4000000,0x00000000e4000000,0x00000000e4b00000)
 ParOldGen       total 53760K, used 9246K [0x00000000a0000000, 0x00000000a3480000, 0x00000000e0000000)
  object space 53760K, 17% used [0x00000000a0000000,0x00000000a0907b98,0x00000000a3480000)
 Metaspace       used 26451K, capacity 26908K, committed 27264K, reserved 1073152K
  class space    used 3552K, capacity 3708K, committed 3712K, reserved 1048576K

Card table byte_map: [0x00000000125e0000,0x00000000128f0000] byte_map_base: 0x00000000120e0000

Marking Bits: (ParMarkBitMap*) 0x0000000072d2f030
 Begin Bits: [0x0000000012ef0000, 0x00000000146f0000)
 End Bits:   [0x00000000146f0000, 0x0000000015ef0000)

Polling page: 0x0000000002f40000

CodeCache: size=245760Kb used=8190Kb max_used=8190Kb free=237569Kb
 bounds [0x0000000003220000, 0x0000000003a30000, 0x0000000012220000]
 total_blobs=2698 nmethods=2033 adapters=578
 compilation: enabled

Compilation events (10 events):
Event: 21.042 Thread 0x00000000183e0800 2175       3       sun.reflect.DelegatingMethodAccessorImpl::setDelegate (6 bytes)
Event: 21.042 Thread 0x00000000183e0800 nmethod 2175 0x0000000003a13fd0 code [0x0000000003a14120, 0x0000000003a14290]
Event: 21.047 Thread 0x00000000183e0800 2176       3       sun.reflect.ReflectionFactory::newMethodAccessor (79 bytes)
Event: 21.049 Thread 0x00000000183e0800 nmethod 2176 0x0000000003a20d10 code [0x0000000003a20fe0, 0x0000000003a22898]
Event: 21.061 Thread 0x00000000183e0800 2177       3       com.google.common.collect.ImmutableList$Builder::add (8 bytes)
Event: 21.061 Thread 0x00000000183e0800 nmethod 2177 0x0000000003a136d0 code [0x0000000003a13860, 0x0000000003a13d18]
Event: 21.208 Thread 0x00000000183e0800 2178   !   3       org.gradle.internal.reflect.JavaMethod::invoke (74 bytes)
Event: 21.210 Thread 0x00000000183e0800 nmethod 2178 0x0000000003a233d0 code [0x0000000003a236a0, 0x0000000003a24cf8]
Event: 21.236 Thread 0x00000000183e0800 2179       3       com.google.common.cache.LocalCache::discardingQueue (4 bytes)
Event: 21.236 Thread 0x00000000183e0800 nmethod 2179 0x0000000003a133d0 code [0x0000000003a13520, 0x0000000003a13650]

GC Heap History (10 events):
Event: 13.401 GC heap before
{Heap before GC invocations=3 (full 0):
 PSYoungGen      total 38400K, used 36465K [0x00000000e0000000, 0x00000000e2a80000, 0x0000000100000000)
  eden space 33280K, 100% used [0x00000000e0000000,0x00000000e2080000,0x00000000e2080000)
  from space 5120K, 62% used [0x00000000e2580000,0x00000000e289c500,0x00000000e2a80000)
  to   space 5120K, 0% used [0x00000000e2080000,0x00000000e2080000,0x00000000e2580000)
 ParOldGen       total 87552K, used 16K [0x00000000a0000000, 0x00000000a5580000, 0x00000000e0000000)
  object space 87552K, 0% used [0x00000000a0000000,0x00000000a0004000,0x00000000a5580000)
 Metaspace       used 12046K, capacity 12370K, committed 12544K, reserved 1060864K
  class space    used 1619K, capacity 1741K, committed 1792K, reserved 1048576K
Event: 13.454 GC heap after
Heap after GC invocations=3 (full 0):
 PSYoungGen      total 38400K, used 5120K [0x00000000e0000000, 0x00000000e2a80000, 0x0000000100000000)
  eden space 33280K, 0% used [0x00000000e0000000,0x00000000e0000000,0x00000000e2080000)
  from space 5120K, 100% used [0x00000000e2080000,0x00000000e2580000,0x00000000e2580000)
  to   space 5120K, 0% used [0x00000000e2580000,0x00000000e2580000,0x00000000e2a80000)
 ParOldGen       total 87552K, used 1263K [0x00000000a0000000, 0x00000000a5580000, 0x00000000e0000000)
  object space 87552K, 1% used [0x00000000a0000000,0x00000000a013bf08,0x00000000a5580000)
 Metaspace       used 12046K, capacity 12370K, committed 12544K, reserved 1060864K
  class space    used 1619K, capacity 1741K, committed 1792K, reserved 1048576K
}
Event: 15.815 GC heap before
{Heap before GC invocations=4 (full 0):
 PSYoungGen      total 38400K, used 38400K [0x00000000e0000000, 0x00000000e2a80000, 0x0000000100000000)
  eden space 33280K, 100% used [0x00000000e0000000,0x00000000e2080000,0x00000000e2080000)
  from space 5120K, 100% used [0x00000000e2080000,0x00000000e2580000,0x00000000e2580000)
  to   space 5120K, 0% used [0x00000000e2580000,0x00000000e2580000,0x00000000e2a80000)
 ParOldGen       total 87552K, used 1263K [0x00000000a0000000, 0x00000000a5580000, 0x00000000e0000000)
  object space 87552K, 1% used [0x00000000a0000000,0x00000000a013bf08,0x00000000a5580000)
 Metaspace       used 14364K, capacity 14622K, committed 14976K, reserved 1062912K
  class space    used 2009K, capacity 2131K, committed 2176K, reserved 1048576K
Event: 15.896 GC heap after
Heap after GC invocations=4 (full 0):
 PSYoungGen      total 38400K, used 5102K [0x00000000e0000000, 0x00000000e4b00000, 0x0000000100000000)
  eden space 33280K, 0% used [0x00000000e0000000,0x00000000e0000000,0x00000000e2080000)
  from space 5120K, 99% used [0x00000000e2580000,0x00000000e2a7bbb8,0x00000000e2a80000)
  to   space 5120K, 0% used [0x00000000e2080000,0x00000000e2080000,0x00000000e2580000)
 ParOldGen       total 87552K, used 3445K [0x00000000a0000000, 0x00000000a5580000, 0x00000000e0000000)
  object space 87552K, 3% used [0x00000000a0000000,0x00000000a035d738,0x00000000a5580000)
 Metaspace       used 14364K, capacity 14622K, committed 14976K, reserved 1062912K
  class space    used 2009K, capacity 2131K, committed 2176K, reserved 1048576K
}
Event: 17.093 GC heap before
{Heap before GC invocations=5 (full 0):
 PSYoungGen      total 38400K, used 38382K [0x00000000e0000000, 0x00000000e4b00000, 0x0000000100000000)
  eden space 33280K, 100% used [0x00000000e0000000,0x00000000e2080000,0x00000000e2080000)
  from space 5120K, 99% used [0x00000000e2580000,0x00000000e2a7bbb8,0x00000000e2a80000)
  to   space 5120K, 0% used [0x00000000e2080000,0x00000000e2080000,0x00000000e2580000)
 ParOldGen       total 87552K, used 3445K [0x00000000a0000000, 0x00000000a5580000, 0x00000000e0000000)
  object space 87552K, 3% used [0x00000000a0000000,0x00000000a035d738,0x00000000a5580000)
 Metaspace       used 17430K, capacity 17768K, committed 18048K, reserved 1064960K
  class space    used 2496K, capacity 2630K, committed 2688K, reserved 1048576K
Event: 17.105 GC heap after
Heap after GC invocations=5 (full 0):
 PSYoungGen      total 38400K, used 5104K [0x00000000e0000000, 0x00000000e5500000, 0x0000000100000000)
  eden space 33280K, 0% used [0x00000000e0000000,0x00000000e0000000,0x00000000e2080000)
  from space 5120K, 99% used [0x00000000e2080000,0x00000000e257c010,0x00000000e2580000)
  to   space 10240K, 0% used [0x00000000e4b00000,0x00000000e4b00000,0x00000000e5500000)
 ParOldGen       total 87552K, used 6904K [0x00000000a0000000, 0x00000000a5580000, 0x00000000e0000000)
  object space 87552K, 7% used [0x00000000a0000000,0x00000000a06be1a0,0x00000000a5580000)
 Metaspace       used 17430K, capacity 17768K, committed 18048K, reserved 1064960K
  class space    used 2496K, capacity 2630K, committed 2688K, reserved 1048576K
}
Event: 18.077 GC heap before
{Heap before GC invocations=6 (full 0):
 PSYoungGen      total 38400K, used 30126K [0x00000000e0000000, 0x00000000e5500000, 0x0000000100000000)
  eden space 33280K, 75% used [0x00000000e0000000,0x00000000e186f9a8,0x00000000e2080000)
  from space 5120K, 99% used [0x00000000e2080000,0x00000000e257c010,0x00000000e2580000)
  to   space 10240K, 0% used [0x00000000e4b00000,0x00000000e4b00000,0x00000000e5500000)
 ParOldGen       total 87552K, used 6904K [0x00000000a0000000, 0x00000000a5580000, 0x00000000e0000000)
  object space 87552K, 7% used [0x00000000a0000000,0x00000000a06be1a0,0x00000000a5580000)
 Metaspace       used 20671K, capacity 21014K, committed 21248K, reserved 1067008K
  class space    used 2911K, capacity 3049K, committed 3072K, reserved 1048576K
Event: 18.123 GC heap after
Heap after GC invocations=6 (full 0):
 PSYoungGen      total 75776K, used 8676K [0x00000000e0000000, 0x00000000e5700000, 0x0000000100000000)
  eden space 65536K, 0% used [0x00000000e0000000,0x00000000e0000000,0x00000000e4000000)
  from space 10240K, 84% used [0x00000000e4b00000,0x00000000e53793e8,0x00000000e5500000)
  to   space 11264K, 0% used [0x00000000e4000000,0x00000000e4000000,0x00000000e4b00000)
 ParOldGen       total 87552K, used 6912K [0x00000000a0000000, 0x00000000a5580000, 0x00000000e0000000)
  object space 87552K, 7% used [0x00000000a0000000,0x00000000a06c01a0,0x00000000a5580000)
 Metaspace       used 20671K, capacity 21014K, committed 21248K, reserved 1067008K
  class space    used 2911K, capacity 3049K, committed 3072K, reserved 1048576K
}
Event: 18.123 GC heap before
{Heap before GC invocations=7 (full 1):
 PSYoungGen      total 75776K, used 8676K [0x00000000e0000000, 0x00000000e5700000, 0x0000000100000000)
  eden space 65536K, 0% used [0x00000000e0000000,0x00000000e0000000,0x00000000e4000000)
  from space 10240K, 84% used [0x00000000e4b00000,0x00000000e53793e8,0x00000000e5500000)
  to   space 11264K, 0% used [0x00000000e4000000,0x00000000e4000000,0x00000000e4b00000)
 ParOldGen       total 87552K, used 6912K [0x00000000a0000000, 0x00000000a5580000, 0x00000000e0000000)
  object space 87552K, 7% used [0x00000000a0000000,0x00000000a06c01a0,0x00000000a5580000)
 Metaspace       used 20671K, capacity 21014K, committed 21248K, reserved 1067008K
  class space    used 2911K, capacity 3049K, committed 3072K, reserved 1048576K
Event: 18.217 GC heap after
Heap after GC invocations=7 (full 1):
 PSYoungGen      total 75776K, used 0K [0x00000000e0000000, 0x00000000e5700000, 0x0000000100000000)
  eden space 65536K, 0% used [0x00000000e0000000,0x00000000e0000000,0x00000000e4000000)
  from space 10240K, 0% used [0x00000000e4b00000,0x00000000e4b00000,0x00000000e5500000)
  to   space 11264K, 0% used [0x00000000e4000000,0x00000000e4000000,0x00000000e4b00000)
 ParOldGen       total 53760K, used 9246K [0x00000000a0000000, 0x00000000a3480000, 0x00000000e0000000)
  object space 53760K, 17% used [0x00000000a0000000,0x00000000a0907b98,0x00000000a3480000)
 Metaspace       used 20671K, capacity 21014K, committed 21248K, reserved 1067008K
  class space    used 2911K, capacity 3049K, committed 3072K, reserved 1048576K
}

Deoptimization events (10 events):
Event: 17.087 Thread 0x000000001864e000 Uncommon trap: reason=unstable_if action=reinterpret pc=0x000000000347c240 method=java.net.URI.match(CJJ)Z @ 19
Event: 17.211 Thread 0x000000001864e000 Uncommon trap: reason=unstable_if action=reinterpret pc=0x0000000003502918 method=java.io.File.getName()Ljava/lang/String; @ 16
Event: 18.931 Thread 0x000000001864e000 Uncommon trap: reason=class_check action=maybe_recompile pc=0x00000000034bbd80 method=sun.misc.URLClassPath.getLoader(I)Lsun/misc/URLClassPath$Loader; @ 94
Event: 18.931 Thread 0x000000001864e000 Uncommon trap: reason=class_check action=maybe_recompile pc=0x000000000359062c method=sun.misc.URLClassPath.getResource(Ljava/lang/String;Z)Lsun/misc/Resource; @ 62
Event: 18.931 Thread 0x000000001864e000 Uncommon trap: reason=unstable_if action=reinterpret pc=0x00000000036cb4c8 method=java.lang.String.regionMatches(ZILjava/lang/String;II)Z @ 41
Event: 18.966 Thread 0x000000001864e000 Uncommon trap: reason=unstable_if action=reinterpret pc=0x00000000036d11cc method=java.lang.ClassLoader.getClassLoadingLock(Ljava/lang/String;)Ljava/lang/Object; @ 6
Event: 19.049 Thread 0x000000001864e000 Uncommon trap: reason=class_check action=maybe_recompile pc=0x00000000034bbf8c method=sun.misc.URLClassPath.getLoader(I)Lsun/misc/URLClassPath$Loader; @ 239
Event: 19.063 Thread 0x000000001864e000 Uncommon trap: reason=class_check action=maybe_recompile pc=0x00000000034bbf8c method=sun.misc.URLClassPath.getLoader(I)Lsun/misc/URLClassPath$Loader; @ 239
Event: 20.040 Thread 0x000000001864e000 Uncommon trap: reason=class_check action=maybe_recompile pc=0x00000000034bbf8c method=sun.misc.URLClassPath.getLoader(I)Lsun/misc/URLClassPath$Loader; @ 239
Event: 20.896 Thread 0x000000001864e000 Uncommon trap: reason=unstable_if action=reinterpret pc=0x00000000036cd060 method=java.util.HashMap.hash(Ljava/lang/Object;)I @ 1

Classes redefined (0 events):
No events

Internal exceptions (10 events):
Event: 20.182 Thread 0x000000001864e000 Exception <a 'java/lang/ClassNotFoundException': groovy/lang/GStringBeanInfo> (0x00000000e1c71968) thrown at [C:\src\AOSP-openjdk-git\hotspot\src\share\vm\classfile\systemDictionary.cpp, line 210]
Event: 20.183 Thread 0x000000001864e000 Exception <a 'java/lang/ClassNotFoundException': groovy/lang/GStringCustomizer> (0x00000000e1c95e68) thrown at [C:\src\AOSP-openjdk-git\hotspot\src\share\vm\classfile\systemDictionary.cpp, line 210]
Event: 20.185 Thread 0x000000001864e000 Exception <a 'java/lang/ClassNotFoundException': groovy/lang/GString$1Customizer> (0x00000000e1cc6598) thrown at [C:\src\AOSP-openjdk-git\hotspot\src\share\vm\classfile\systemDictionary.cpp, line 210]
Event: 20.190 Thread 0x000000001864e000 Exception <a 'java/lang/ClassNotFoundException': org/codehaus/groovy/runtime/GStringImplBeanInfo> (0x00000000e1d75d38) thrown at [C:\src\AOSP-openjdk-git\hotspot\src\share\vm\classfile\systemDictionary.cpp, line 210]
Event: 20.193 Thread 0x000000001864e000 Exception <a 'java/lang/ClassNotFoundException': org/codehaus/groovy/runtime/GStringImplCustomizer> (0x00000000e1da3d40) thrown at [C:\src\AOSP-openjdk-git\hotspot\src\share\vm\classfile\systemDictionary.cpp, line 210]
Event: 20.337 Thread 0x000000001864e000 Exception <a 'java/lang/ClassNotFoundException': org/gradle/api/internal/plugins/DefaultObjectConfigurationActionBeanInfo> (0x00000000e1e21428) thrown at [C:\src\AOSP-openjdk-git\hotspot\src\share\vm\classfile\systemDictionary.cpp, line 210]
Event: 20.339 Thread 0x000000001864e000 Exception <a 'java/lang/ClassNotFoundException': org/gradle/api/internal/plugins/DefaultObjectConfigurationActionCustomizer> (0x00000000e1e5c8b8) thrown at [C:\src\AOSP-openjdk-git\hotspot\src\share\vm\classfile\systemDictionary.cpp, line 210]
Event: 20.367 Thread 0x000000001864e000 Exception <a 'java/lang/ClassNotFoundException': app_plugin_loader_8rkqt6x0xaalnks9i85usj9b5BeanInfo> (0x00000000e1ee4b48) thrown at [C:\src\AOSP-openjdk-git\hotspot\src\share\vm\classfile\systemDictionary.cpp, line 210]
Event: 20.369 Thread 0x000000001864e000 Exception <a 'java/lang/ClassNotFoundException': app_plugin_loader_8rkqt6x0xaalnks9i85usj9b5Customizer> (0x00000000e1eef9b8) thrown at [C:\src\AOSP-openjdk-git\hotspot\src\share\vm\classfile\systemDictionary.cpp, line 210]
Event: 20.896 Thread 0x000000001864e000 Implicit null exception at 0x00000000036cce55 to 0x00000000036cd051

Events (10 events):
Event: 21.237 loading class org/gradle/model/internal/inspect/AbstractModelCreationRuleExtractor
Event: 21.237 loading class org/gradle/model/internal/inspect/AbstractModelCreationRuleExtractor done
Event: 21.238 loading class org/gradle/model/Model
Event: 21.238 loading class org/gradle/model/Model done
Event: 21.239 loading class org/gradle/model/internal/inspect/ManagedModelCreationRuleExtractor
Event: 21.239 loading class org/gradle/model/internal/inspect/ManagedModelCreationRuleExtractor done
Event: 21.240 loading class org/gradle/model/internal/core/ModelTypeInitializationException
Event: 21.240 loading class org/gradle/model/internal/core/ModelTypeInitializationException done
Event: 21.241 loading class org/gradle/model/InvalidModelRuleDeclarationException
Event: 21.241 loading class org/gradle/model/InvalidModelRuleDeclarationException done


Dynamic libraries:
0x00007ff766c10000 - 0x00007ff766c41000 	C:\Program Files\Android\Android Studio\jre\bin\java.exe
0x00007ff8fcd60000 - 0x00007ff8fcf41000 	C:\WINDOWS\SYSTEM32\ntdll.dll
0x00007ff8fa1f0000 - 0x00007ff8fa2a1000 	C:\WINDOWS\System32\KERNEL32.DLL
0x00007ff8f9480000 - 0x00007ff8f96f3000 	C:\WINDOWS\System32\KERNELBASE.dll
0x00007ff8fb9d0000 - 0x00007ff8fba71000 	C:\WINDOWS\System32\ADVAPI32.dll
0x00007ff8fbe90000 - 0x00007ff8fbf2e000 	C:\WINDOWS\System32\msvcrt.dll
0x00007ff8fba80000 - 0x00007ff8fbadb000 	C:\WINDOWS\System32\sechost.dll
0x00007ff8fcc00000 - 0x00007ff8fcd24000 	C:\WINDOWS\System32\RPCRT4.dll
0x00007ff8fb700000 - 0x00007ff8fb890000 	C:\WINDOWS\System32\USER32.dll
0x00007ff8f91d0000 - 0x00007ff8f91f0000 	C:\WINDOWS\System32\win32u.dll
0x00007ff8fb990000 - 0x00007ff8fb9b8000 	C:\WINDOWS\System32\GDI32.dll
0x00007ff8f9760000 - 0x00007ff8f98f3000 	C:\WINDOWS\System32\gdi32full.dll
0x00007ff8f93e0000 - 0x00007ff8f947f000 	C:\WINDOWS\System32\msvcp_win.dll
0x00007ff8fa070000 - 0x00007ff8fa168000 	C:\WINDOWS\System32\ucrtbase.dll
0x00007ff8e9db0000 - 0x00007ff8ea019000 	C:\WINDOWS\WinSxS\amd64_microsoft.windows.common-controls_6595b64144ccf1df_6.0.17134.1610_none_d3fd41197c928db6\COMCTL32.dll
0x00007ff8fc6b0000 - 0x00007ff8fc9d0000 	C:\WINDOWS\System32\combase.dll
0x00007ff8fa170000 - 0x00007ff8fa1e9000 	C:\WINDOWS\System32\bcryptPrimitives.dll
0x00007ff8fbf30000 - 0x00007ff8fbf5d000 	C:\WINDOWS\System32\IMM32.DLL
0x0000000074130000 - 0x0000000074202000 	C:\Program Files\Android\Android Studio\jre\jre\bin\msvcr100.dll
0x0000000072560000 - 0x0000000072dab000 	C:\Program Files\Android\Android Studio\jre\jre\bin\server\jvm.dll
0x00007ff8fbdb0000 - 0x00007ff8fbdb8000 	C:\WINDOWS\System32\PSAPI.DLL
0x00007ff8e3d10000 - 0x00007ff8e3d19000 	C:\WINDOWS\SYSTEM32\WSOCK32.dll
0x00007ff8fc640000 - 0x00007ff8fc6ac000 	C:\WINDOWS\System32\WS2_32.dll
0x00007ff8f3840000 - 0x00007ff8f3863000 	C:\WINDOWS\SYSTEM32\WINMM.dll
0x00007ff8f3e50000 - 0x00007ff8f3e5a000 	C:\WINDOWS\SYSTEM32\VERSION.dll
0x00007ff8f3810000 - 0x00007ff8f383a000 	C:\WINDOWS\SYSTEM32\WINMMBASE.dll
0x00007ff8f9900000 - 0x00007ff8f9949000 	C:\WINDOWS\System32\cfgmgr32.dll
0x00007ff8ece30000 - 0x00007ff8ece3f000 	C:\Program Files\Android\Android Studio\jre\jre\bin\verify.dll
0x00007ff8d7900000 - 0x00007ff8d7929000 	C:\Program Files\Android\Android Studio\jre\jre\bin\java.dll
0x00007ff8e4f90000 - 0x00007ff8e4fa6000 	C:\Program Files\Android\Android Studio\jre\jre\bin\zip.dll
0x00007ff8fa2b0000 - 0x00007ff8fb6f5000 	C:\WINDOWS\System32\SHELL32.dll
0x00007ff8fbd00000 - 0x00007ff8fbda9000 	C:\WINDOWS\System32\shcore.dll
0x00007ff8f9950000 - 0x00007ff8fa065000 	C:\WINDOWS\System32\windows.storage.dll
0x00007ff8fbc40000 - 0x00007ff8fbc91000 	C:\WINDOWS\System32\shlwapi.dll
0x00007ff8f9100000 - 0x00007ff8f9111000 	C:\WINDOWS\System32\kernel.appcore.dll
0x00007ff8f90e0000 - 0x00007ff8f90ff000 	C:\WINDOWS\System32\profapi.dll
0x00007ff8f9060000 - 0x00007ff8f90ac000 	C:\WINDOWS\System32\powrprof.dll
0x00007ff8f90b0000 - 0x00007ff8f90ba000 	C:\WINDOWS\System32\FLTLIB.DLL
0x00007ff8e44e0000 - 0x00007ff8e44fa000 	C:\Program Files\Android\Android Studio\jre\jre\bin\net.dll
0x00007ff8f88e0000 - 0x00007ff8f8946000 	C:\WINDOWS\system32\mswsock.dll
0x00007ff8dfbe0000 - 0x00007ff8dfbf3000 	C:\Program Files\Android\Android Studio\jre\jre\bin\nio.dll
0x00007ff8d6eb0000 - 0x00007ff8d6ed6000 	C:\Users\hp\.gradle\native\30\windows-amd64\native-platform.dll
0x00007ff8ea200000 - 0x00007ff8ea20d000 	C:\Program Files\Android\Android Studio\jre\jre\bin\management.dll
0x00007ff8f8a90000 - 0x00007ff8f8aa7000 	C:\WINDOWS\SYSTEM32\CRYPTSP.dll
0x00007ff8f8490000 - 0x00007ff8f84c3000 	C:\WINDOWS\system32\rsaenh.dll
0x00007ff8f8bc0000 - 0x00007ff8f8be5000 	C:\WINDOWS\SYSTEM32\bcrypt.dll
0x00007ff8f8f60000 - 0x00007ff8f8f88000 	C:\WINDOWS\SYSTEM32\USERENV.dll
0x00007ff8f8ab0000 - 0x00007ff8f8abb000 	C:\WINDOWS\SYSTEM32\CRYPTBASE.dll
0x00007ff8f8630000 - 0x00007ff8f8668000 	C:\WINDOWS\SYSTEM32\IPHLPAPI.DLL
0x00007ff8fb9c0000 - 0x00007ff8fb9c8000 	C:\WINDOWS\System32\NSI.dll
0x00007ff8f3950000 - 0x00007ff8f3966000 	C:\WINDOWS\SYSTEM32\dhcpcsvc6.DLL
0x00007ff8f3930000 - 0x00007ff8f394a000 	C:\WINDOWS\SYSTEM32\dhcpcsvc.DLL

VM Arguments:
jvm_args: -Xmx1536M -Dfile.encoding=windows-1252 -Duser.country=US -Duser.language=en -Duser.variant 
java_command: org.gradle.launcher.daemon.bootstrap.GradleDaemon 5.6.2
java_class_path (initial): C:\Users\hp\.gradle\wrapper\dists\gradle-5.6.2-all\9st6wgf78h16so49nn74lgtbb\gradle-5.6.2\lib\gradle-launcher-5.6.2.jar
Launcher Type: SUN_STANDARD

Environment Variables:
JAVA_HOME=C:\Program Files\Android\Android Studio\jre
CLASSPATH=C:\Users\hp\(VSC) App Development\first_app\android\\gradle\wrapper\gradle-wrapper.jar
PATH=C:\Program Files (x86)\Common Files\Oracle\Java\javapath;C:\ProgramData\Oracle\Java\javapath;C:\WINDOWS\system32;C:\WINDOWS;C:\WINDOWS\System32\Wbem;C:\WINDOWS\System32\WindowsPowerShell\v1.0\;C:\WINDOWS\System32\OpenSSH\;C:\Users\hp\AppData\Local\Microsoft\WindowsApps;C:\adb;C:\Users\hp\AppData\Local\Programs\Python\Python38-32;C:\Program Files\Java\jdk-14.0.2\bin;C:\Program Files\Java\jdk-14.0.2\bin;C:\Program Files\flutter\bin;C:\Program Files\Git\cmd;C:\Users\hp\AppData\Local\Programs\Python\Python38-32\Scripts\;C:\Users\hp\AppData\Local\Programs\Python\Python38-32\;C:\Users\hp\AppData\Local\Microsoft\WindowsApps;C:\Program Files (x86)\Nmap;C:\Program Files\JetBrains\IntelliJ IDEA Community Edition 2020.2\bin;;C:\Users\hp\AppData\Local\Programs\Microsoft VS Code\bin;C:\Program Files\flutter\bin\mingit\cmd
USERNAME=hp
OS=Windows_NT
PROCESSOR_IDENTIFIER=Intel64 Family 6 Model 78 Stepping 3, GenuineIntel



---------------  S Y S T E M  ---------------

OS: Windows 10.0 , 64 bit Build 17134 (10.0.17134.1425)

CPU:total 4 (initial active 4) (2 cores per cpu, 2 threads per core) family 6 model 78 stepping 3, cmov, cx8, fxsr, mmx, sse, sse2, sse3, ssse3, sse4.1, sse4.2, popcnt, avx, avx2, aes, clmul, erms, 3dnowpref, lzcnt, ht, tsc, tscinvbit, bmi1, bmi2, adx

Memory: 4k page, physical 8268112k(1039984k free), swap 8268112k(3260k free)

vm_info: OpenJDK 64-Bit Server VM (25.242-b01) for windows-amd64 JRE (1.8.0_242-release-1644-b01), built by "builder" with MS VC++ 10.0 (VS2010)

time: Fri Sep 11 21:01:20 2020
timezone: India Standard Time
elapsed time: 21 seconds (0d 0h 0m 21s)

