#
# There is insufficient memory for the Java Runtime Environment to continue.
# Native memory allocation (malloc) failed to allocate 1048576 bytes for AllocateHeap
# Possible reasons:
#   The system is out of physical RAM or swap space
#   The process is running with CompressedOops enabled, and the Java Heap may be blocking the growth of the native heap
# Possible solutions:
#   Reduce memory load on the system
#   Increase physical memory or swap space
#   Check if swap backing store is full
#   Decrease Java heap size (-Xmx/-Xms)
#   Decrease number of Java threads
#   Decrease Java thread stack sizes (-Xss)
#   Set larger code cache with -XX:ReservedCodeCacheSize=
#   JVM is running with Unscaled Compressed Oops mode in which the Java heap is
#     placed in the first 4GB address space. The Java Heap base address is the
#     maximum limit for the native heap growth. Please use -XX:HeapBaseMinAddress
#     to set the Java Heap base and to place the Java Heap above 4GB virtual address.
# This output file may be truncated or incomplete.
#
#  Out of Memory Error (memory/allocation.inline.hpp:61), pid=7856, tid=0x0000000000000fec
#
# JRE version:  (8.0_242-b01) (build )
# Java VM: OpenJDK 64-Bit Server VM (25.242-b01 mixed mode windows-amd64 compressed oops)
# Failed to write core dump. Minidumps are not enabled by default on client versions of Windows
#

---------------  T H R E A D  ---------------

Current thread (0x0000000002d62800):  JavaThread "Unknown thread" [_thread_in_vm, id=4076, stack(0x0000000002c60000,0x0000000002d60000)]

Stack: [0x0000000002c60000,0x0000000002d60000]
[error occurred during error reporting (printing stack bounds), id 0xc0000005]

Native frames: (J=compiled Java code, j=interpreted, Vv=VM code, C=native code)


---------------  P R O C E S S  ---------------

Java Threads: ( => current thread )

Other Threads:

=>0x0000000002d62800 (exited) JavaThread "Unknown thread" [_thread_in_vm, id=4076, stack(0x0000000002c60000,0x0000000002d60000)]

VM state:not at safepoint (normal execution)

VM Mutex/Monitor currently owned by a thread: None

heap address: 0x0000000081c00000, size: 2020 MB, Compressed Oops mode: 32-bit
Narrow klass base: 0x0000000000000000, Narrow klass shift: 3
Compressed class space size: 1073741824 Address: 0x0000000100000000

Heap:
 PSYoungGen      total 38400K, used 665K [0x00000000d5f00000, 0x00000000d8980000, 0x0000000100000000)
  eden space 33280K, 2% used [0x00000000d5f00000,0x00000000d5fa6670,0x00000000d7f80000)
  from space 5120K, 0% used [0x00000000d8480000,0x00000000d8480000,0x00000000d8980000)
  to   space 5120K, 0% used [0x00000000d7f80000,0x00000000d7f80000,0x00000000d8480000)
 ParOldGen       total 87552K, used 0K [0x0000000081c00000, 0x0000000087180000, 0x00000000d5f00000)
  object space 87552K, 0% used [0x0000000081c00000,0x0000000081c00000,0x0000000087180000)
 Metaspace       used 779K, capacity 4480K, committed 4480K, reserved 1056768K
  class space    used 74K, capacity 384K, committed 384K, reserved 1048576K

Card table byte_map: [0x0000000012220000,0x0000000012620000] byte_map_base: 0x0000000011e12000

Marking Bits: (ParMarkBitMap*) 0x0000000072d2f030
 Begin Bits: [0x0000000012cd0000, 0x0000000014c60000)
 End Bits:   [0x0000000014c60000, 0x0000000016bf0000)

Polling page: 0x0000000002bf0000

CodeCache: size=245760Kb used=328Kb max_used=328Kb free=245431Kb
 bounds [0x0000000002e60000, 0x00000000030d0000, 0x0000000011e60000]
 total_blobs=57 nmethods=0 adapters=38
 compilation: enabled

Compilation events (0 events):
No events

GC Heap History (0 events):
No events

Deoptimization events (0 events):
No events

Classes redefined (0 events):
No events

Internal exceptions (0 events):
No events

Events (10 events):
Event: 0.054 loading class java/lang/Short
Event: 0.054 loading class java/lang/Short done
Event: 0.054 loading class java/lang/Integer
Event: 0.055 loading class java/lang/Integer done
Event: 0.055 loading class java/lang/Long
Event: 0.055 loading class java/lang/Long done
Event: 0.056 loading class java/lang/NullPointerException
Event: 0.056 loading class java/lang/NullPointerException done
Event: 0.056 loading class java/lang/ArithmeticException
Event: 0.057 loading class java/lang/ArithmeticException done


Dynamic libraries:
0x00007ff7cc140000 - 0x00007ff7cc171000 	C:\Program Files\Android\Android Studio\jre\bin\java.EXE
0x00007ff8fcd60000 - 0x00007ff8fcf41000 	C:\WINDOWS\SYSTEM32\ntdll.dll
0x00007ff8fa1f0000 - 0x00007ff8fa2a1000 	C:\WINDOWS\System32\KERNEL32.DLL
0x00007ff8f9480000 - 0x00007ff8f96f3000 	C:\WINDOWS\System32\KERNELBASE.dll
0x00007ff8fb9d0000 - 0x00007ff8fba71000 	C:\WINDOWS\System32\ADVAPI32.dll
0x00007ff8fbe90000 - 0x00007ff8fbf2e000 	C:\WINDOWS\System32\msvcrt.dll
0x00007ff8fba80000 - 0x00007ff8fbadb000 	C:\WINDOWS\System32\sechost.dll
0x00007ff8fcc00000 - 0x00007ff8fcd24000 	C:\WINDOWS\System32\RPCRT4.dll
0x00007ff8fb700000 - 0x00007ff8fb890000 	C:\WINDOWS\System32\USER32.dll
0x00007ff8f91d0000 - 0x00007ff8f91f0000 	C:\WINDOWS\System32\win32u.dll
0x00007ff8fb990000 - 0x00007ff8fb9b8000 	C:\WINDOWS\System32\GDI32.dll
0x00007ff8f9760000 - 0x00007ff8f98f3000 	C:\WINDOWS\System32\gdi32full.dll
0x00007ff8f93e0000 - 0x00007ff8f947f000 	C:\WINDOWS\System32\msvcp_win.dll
0x00007ff8fa070000 - 0x00007ff8fa168000 	C:\WINDOWS\System32\ucrtbase.dll
0x00007ff8e9db0000 - 0x00007ff8ea019000 	C:\WINDOWS\WinSxS\amd64_microsoft.windows.common-controls_6595b64144ccf1df_6.0.17134.1610_none_d3fd41197c928db6\COMCTL32.dll
0x00007ff8fc6b0000 - 0x00007ff8fc9d0000 	C:\WINDOWS\System32\combase.dll
0x00007ff8fa170000 - 0x00007ff8fa1e9000 	C:\WINDOWS\System32\bcryptPrimitives.dll
0x00007ff8fbf30000 - 0x00007ff8fbf5d000 	C:\WINDOWS\System32\IMM32.DLL
0x0000000074130000 - 0x0000000074202000 	C:\Program Files\Android\Android Studio\jre\jre\bin\msvcr100.dll
0x0000000072560000 - 0x0000000072dab000 	C:\Program Files\Android\Android Studio\jre\jre\bin\server\jvm.dll
0x00007ff8fbdb0000 - 0x00007ff8fbdb8000 	C:\WINDOWS\System32\PSAPI.DLL
0x00007ff8e3d10000 - 0x00007ff8e3d19000 	C:\WINDOWS\SYSTEM32\WSOCK32.dll
0x00007ff8fc640000 - 0x00007ff8fc6ac000 	C:\WINDOWS\System32\WS2_32.dll
0x00007ff8f3840000 - 0x00007ff8f3863000 	C:\WINDOWS\SYSTEM32\WINMM.dll
0x00007ff8f3e50000 - 0x00007ff8f3e5a000 	C:\WINDOWS\SYSTEM32\VERSION.dll
0x00007ff8f3810000 - 0x00007ff8f383a000 	C:\WINDOWS\SYSTEM32\WINMMBASE.dll
0x00007ff8f9900000 - 0x00007ff8f9949000 	C:\WINDOWS\System32\cfgmgr32.dll
0x00007ff8f4570000 - 0x00007ff8f457f000 	C:\Program Files\Android\Android Studio\jre\jre\bin\verify.dll
0x00007ff8e9540000 - 0x00007ff8e9569000 	C:\Program Files\Android\Android Studio\jre\jre\bin\java.dll
0x00007ff8e9520000 - 0x00007ff8e9536000 	C:\Program Files\Android\Android Studio\jre\jre\bin\zip.dll

VM Arguments:
java_command: <unknown>
java_class_path (initial): .
Launcher Type: SUN_STANDARD

Environment Variables:
JAVA_HOME=C:\Program Files\Java\jdk-14.0.2
PATH=C:\Program Files (x86)\Common Files\Oracle\Java\javapath;C:\ProgramData\Oracle\Java\javapath;C:\WINDOWS\system32;C:\WINDOWS;C:\WINDOWS\System32\Wbem;C:\WINDOWS\System32\WindowsPowerShell\v1.0\;C:\WINDOWS\System32\OpenSSH\;C:\Users\hp\AppData\Local\Microsoft\WindowsApps;C:\adb;C:\Users\hp\AppData\Local\Programs\Python\Python38-32;C:\Program Files\Java\jdk-14.0.2\bin;C:\Program Files\Java\jdk-14.0.2\bin;C:\Program Files\flutter\bin;C:\Program Files\Git\cmd;C:\Users\hp\AppData\Local\Programs\Python\Python38-32\Scripts\;C:\Users\hp\AppData\Local\Programs\Python\Python38-32\;C:\Users\hp\AppData\Local\Microsoft\WindowsApps;C:\Program Files (x86)\Nmap;C:\Program Files\JetBrains\IntelliJ IDEA Community Edition 2020.2\bin;;C:\Users\hp\AppData\Local\Programs\Microsoft VS Code\bin;C:\Program Files\flutter\bin\mingit\cmd
USERNAME=hp
OS=Windows_NT
PROCESSOR_IDENTIFIER=Intel64 Family 6 Model 78 Stepping 3, GenuineIntel



---------------  S Y S T E M  ---------------

OS: Windows 10.0 , 64 bit Build 17134 (10.0.17134.1425)

CPU:total 4 (initial active 4) (2 cores per cpu, 2 threads per core) family 6 model 78 stepping 3, cmov, cx8, fxsr, mmx, sse, sse2, sse3, ssse3, sse4.1, sse4.2, popcnt, avx, avx2, aes, clmul, erms, 3dnowpref, lzcnt, ht, tsc, tscinvbit, bmi1, bmi2, adx

Memory: 4k page, physical 8268112k(1254264k free), swap 8268112k(231548k free)

vm_info: OpenJDK 64-Bit Server VM (25.242-b01) for windows-amd64 JRE (1.8.0_242-release-1644-b01), built by "builder" with MS VC++ 10.0 (VS2010)

time: Sat Sep 12 07:54:58 2020
timezone: India Standard Time
elapsed time: 0 seconds (0d 0h 0m 0s)

